Started GET "/" for 127.0.0.1 at 2022-06-23 17:31:29 +0530
  [1m[35m (1.4ms)[0m  [1m[34mSELECT sqlite_version(*)[0m
Processing by Rails::WelcomeController#index as HTML
  Rendering /home/techversant/.rvm/gems/ruby-3.1.1/gems/railties-7.0.3/lib/rails/templates/rails/welcome/index.html.erb
  Rendered /home/techversant/.rvm/gems/ruby-3.1.1/gems/railties-7.0.3/lib/rails/templates/rails/welcome/index.html.erb (Duration: 2.0ms | Allocations: 644)
Completed 200 OK in 13ms (Views: 5.7ms | ActiveRecord: 0.0ms | Allocations: 5020)


  [1m[35m (0.3ms)[0m  [1m[34mSELECT sqlite_version(*)[0m
  [1m[35m (6.1ms)[0m  [1m[35mCREATE TABLE "schema_migrations" ("version" varchar NOT NULL PRIMARY KEY)[0m
  [1m[35m (6.1ms)[0m  [1m[35mCREATE TABLE "ar_internal_metadata" ("key" varchar NOT NULL PRIMARY KEY, "value" varchar, "created_at" datetime(6) NOT NULL, "updated_at" datetime(6) NOT NULL)[0m
  [1m[36mActiveRecord::SchemaMigration Pluck (0.1ms)[0m  [1m[34mSELECT "schema_migrations"."version" FROM "schema_migrations" ORDER BY "schema_migrations"."version" ASC[0m
Migrating to CreateUsers (20220623120404)
  [1m[36mTRANSACTION (0.1ms)[0m  [1m[36mbegin transaction[0m
  [1m[35m (0.3ms)[0m  [1m[35mCREATE TABLE "users" ("id" integer PRIMARY KEY AUTOINCREMENT NOT NULL, "first_name" varchar, "last_name" varchar, "email" varchar, "password" varchar, "phonenumber" varchar, "created_at" datetime(6) NOT NULL, "updated_at" datetime(6) NOT NULL)[0m
  [1m[36mActiveRecord::SchemaMigration Create (0.2ms)[0m  [1m[32mINSERT INTO "schema_migrations" ("version") VALUES (?)[0m  [["version", "20220623120404"]]
  [1m[36mTRANSACTION (6.5ms)[0m  [1m[36mcommit transaction[0m
Migrating to CreateProducts (20220623134018)
  [1m[36mTRANSACTION (0.0ms)[0m  [1m[36mbegin transaction[0m
  [1m[35m (0.2ms)[0m  [1m[35mCREATE TABLE "products" ("id" integer PRIMARY KEY AUTOINCREMENT NOT NULL, "name" varchar, "description" varchar, "price" integer, "created_at" datetime(6) NOT NULL, "updated_at" datetime(6) NOT NULL)[0m
  [1m[36mActiveRecord::SchemaMigration Create (0.1ms)[0m  [1m[32mINSERT INTO "schema_migrations" ("version") VALUES (?)[0m  [["version", "20220623134018"]]
  [1m[36mTRANSACTION (5.5ms)[0m  [1m[36mcommit transaction[0m
Migrating to CreateOrders (20220623134253)
  [1m[36mTRANSACTION (0.0ms)[0m  [1m[36mbegin transaction[0m
  [1m[35m (0.2ms)[0m  [1m[35mCREATE TABLE "orders" ("id" integer PRIMARY KEY AUTOINCREMENT NOT NULL, "total" integer, "status" varchar, "created_at" datetime(6) NOT NULL, "updated_at" datetime(6) NOT NULL)[0m
  [1m[36mActiveRecord::SchemaMigration Create (0.2ms)[0m  [1m[32mINSERT INTO "schema_migrations" ("version") VALUES (?)[0m  [["version", "20220623134253"]]
  [1m[36mTRANSACTION (5.8ms)[0m  [1m[36mcommit transaction[0m
Migrating to CreateShoppingCarts (20220623134417)
  [1m[36mTRANSACTION (0.1ms)[0m  [1m[36mbegin transaction[0m
  [1m[35m (0.2ms)[0m  [1m[35mCREATE TABLE "shopping_carts" ("id" integer PRIMARY KEY AUTOINCREMENT NOT NULL, "created_at" datetime(6) NOT NULL, "updated_at" datetime(6) NOT NULL)[0m
  [1m[36mActiveRecord::SchemaMigration Create (0.3ms)[0m  [1m[32mINSERT INTO "schema_migrations" ("version") VALUES (?)[0m  [["version", "20220623134417"]]
  [1m[36mTRANSACTION (5.9ms)[0m  [1m[36mcommit transaction[0m
Migrating to AdduseridtoShoppingCart (20220623142116)
  [1m[36mTRANSACTION (0.0ms)[0m  [1m[36mbegin transaction[0m
  [1m[35m (0.2ms)[0m  [1m[35mALTER TABLE "shopping_carts" ADD "user_id" integer[0m
  [1m[36mActiveRecord::SchemaMigration Create (0.1ms)[0m  [1m[32mINSERT INTO "schema_migrations" ("version") VALUES (?)[0m  [["version", "20220623142116"]]
  [1m[36mTRANSACTION (4.1ms)[0m  [1m[36mcommit transaction[0m
Migrating to CartIdandorderIdtoProduct (20220623142428)
  [1m[36mTRANSACTION (0.0ms)[0m  [1m[36mbegin transaction[0m
  [1m[35m (0.2ms)[0m  [1m[35mALTER TABLE "products" ADD "cart_id" integer[0m
  [1m[35m (0.1ms)[0m  [1m[35mALTER TABLE "products" ADD "order_id" integer[0m
  [1m[36mActiveRecord::SchemaMigration Create (0.2ms)[0m  [1m[32mINSERT INTO "schema_migrations" ("version") VALUES (?)[0m  [["version", "20220623142428"]]
  [1m[36mTRANSACTION (4.9ms)[0m  [1m[36mcommit transaction[0m
Migrating to AdduseridtoOrder (20220623142558)
  [1m[36mTRANSACTION (0.0ms)[0m  [1m[36mbegin transaction[0m
  [1m[35m (0.4ms)[0m  [1m[35mALTER TABLE "orders" ADD "user_id" integer[0m
  [1m[36mActiveRecord::SchemaMigration Create (0.1ms)[0m  [1m[32mINSERT INTO "schema_migrations" ("version") VALUES (?)[0m  [["version", "20220623142558"]]
  [1m[36mTRANSACTION (4.9ms)[0m  [1m[36mcommit transaction[0m
  [1m[36mActiveRecord::InternalMetadata Load (0.4ms)[0m  [1m[34mSELECT "ar_internal_metadata".* FROM "ar_internal_metadata" WHERE "ar_internal_metadata"."key" = ? LIMIT ?[0m  [["key", "environment"], ["LIMIT", 1]]
  [1m[36mTRANSACTION (0.2ms)[0m  [1m[36mbegin transaction[0m
  [1m[36mActiveRecord::InternalMetadata Create (0.5ms)[0m  [1m[32mINSERT INTO "ar_internal_metadata" ("key", "value", "created_at", "updated_at") VALUES (?, ?, ?, ?)[0m  [["key", "environment"], ["value", "development"], ["created_at", "2022-06-23 14:26:23.491504"], ["updated_at", "2022-06-23 14:26:23.491504"]]
  [1m[36mTRANSACTION (7.6ms)[0m  [1m[36mcommit transaction[0m
  [1m[35m (0.1ms)[0m  [1m[34mSELECT sqlite_version(*)[0m
  [1m[36mActiveRecord::SchemaMigration Pluck (0.2ms)[0m  [1m[34mSELECT "schema_migrations"."version" FROM "schema_migrations" ORDER BY "schema_migrations"."version" ASC[0m
  [1m[35m (0.7ms)[0m  [1m[34mSELECT sqlite_version(*)[0m
  [1m[35m (0.5ms)[0m  [1m[34mSELECT sqlite_version(*)[0m
  [1m[36mActiveRecord::SchemaMigration Pluck (0.1ms)[0m  [1m[34mSELECT "schema_migrations"."version" FROM "schema_migrations" ORDER BY "schema_migrations"."version" ASC[0m
  [1m[36mActiveRecord::SchemaMigration Pluck (0.1ms)[0m  [1m[34mSELECT "schema_migrations"."version" FROM "schema_migrations" ORDER BY "schema_migrations"."version" ASC[0m
  [1m[36mActiveRecord::SchemaMigration Pluck (0.1ms)[0m  [1m[34mSELECT "schema_migrations"."version" FROM "schema_migrations" ORDER BY "schema_migrations"."version" ASC[0m
  [1m[36mActiveRecord::SchemaMigration Pluck (0.0ms)[0m  [1m[34mSELECT "schema_migrations"."version" FROM "schema_migrations" ORDER BY "schema_migrations"."version" ASC[0m
Migrating to AdduseridtoOrder (20220623142558)
  [1m[36mTRANSACTION (0.0ms)[0m  [1m[36mbegin transaction[0m
  [1m[35m (0.0ms)[0m  [1m[35mPRAGMA foreign_keys[0m
  [1m[35m (0.0ms)[0m  [1m[35mPRAGMA defer_foreign_keys[0m
  [1m[35m (0.0ms)[0m  [1m[35mPRAGMA defer_foreign_keys = ON[0m
  [1m[35m (0.0ms)[0m  [1m[35mPRAGMA foreign_keys = OFF[0m
  [1m[35m (0.1ms)[0m  [1m[35mCREATE TEMPORARY TABLE "aorders" ("id" integer NOT NULL PRIMARY KEY, "total" integer DEFAULT NULL, "status" varchar DEFAULT NULL, "created_at" datetime(6) NOT NULL, "updated_at" datetime(6) NOT NULL, "user_id" integer DEFAULT NULL)[0m
  [1m[35m (0.0ms)[0m  [1m[32mINSERT INTO "aorders" ("id","total","status","created_at","updated_at","user_id")
                     SELECT "id","total","status","created_at","updated_at","user_id" FROM "orders"[0m
  [1m[35m (0.1ms)[0m  [1m[35mDROP TABLE "orders"[0m
  [1m[35m (0.1ms)[0m  [1m[35mCREATE TABLE "orders" ("id" integer NOT NULL PRIMARY KEY, "total" integer DEFAULT NULL, "status" varchar DEFAULT NULL, "created_at" datetime(6) NOT NULL, "updated_at" datetime(6) NOT NULL)[0m
  [1m[35m (0.0ms)[0m  [1m[32mINSERT INTO "orders" ("id","total","status","created_at","updated_at")
                     SELECT "id","total","status","created_at","updated_at" FROM "aorders"[0m
  [1m[35m (0.1ms)[0m  [1m[35mDROP TABLE "aorders"[0m
  [1m[35m (0.0ms)[0m  [1m[35mPRAGMA defer_foreign_keys = 0[0m
  [1m[35m (0.0ms)[0m  [1m[35mPRAGMA foreign_keys = 1[0m
  [1m[36mActiveRecord::SchemaMigration Delete All (0.1ms)[0m  [1m[31mDELETE FROM "schema_migrations" WHERE "schema_migrations"."version" = ?[0m  [["version", "20220623142558"]]
  [1m[36mTRANSACTION (4.2ms)[0m  [1m[36mcommit transaction[0m
  [1m[35m (0.0ms)[0m  [1m[34mSELECT sqlite_version(*)[0m
  [1m[36mActiveRecord::SchemaMigration Pluck (0.2ms)[0m  [1m[34mSELECT "schema_migrations"."version" FROM "schema_migrations" ORDER BY "schema_migrations"."version" ASC[0m
  [1m[35m (0.5ms)[0m  [1m[34mSELECT sqlite_version(*)[0m
  [1m[36mActiveRecord::SchemaMigration Pluck (0.1ms)[0m  [1m[34mSELECT "schema_migrations"."version" FROM "schema_migrations" ORDER BY "schema_migrations"."version" ASC[0m
  [1m[36mActiveRecord::SchemaMigration Pluck (0.0ms)[0m  [1m[34mSELECT "schema_migrations"."version" FROM "schema_migrations" ORDER BY "schema_migrations"."version" ASC[0m
  [1m[36mActiveRecord::SchemaMigration Pluck (0.0ms)[0m  [1m[34mSELECT "schema_migrations"."version" FROM "schema_migrations" ORDER BY "schema_migrations"."version" ASC[0m
  [1m[36mActiveRecord::SchemaMigration Pluck (0.0ms)[0m  [1m[34mSELECT "schema_migrations"."version" FROM "schema_migrations" ORDER BY "schema_migrations"."version" ASC[0m
Migrating to CartIdandorderIdtoProduct (20220623142428)
  [1m[36mTRANSACTION (0.1ms)[0m  [1m[36mbegin transaction[0m
  [1m[35m (0.0ms)[0m  [1m[35mPRAGMA foreign_keys[0m
  [1m[35m (0.0ms)[0m  [1m[35mPRAGMA defer_foreign_keys[0m
  [1m[35m (0.0ms)[0m  [1m[35mPRAGMA defer_foreign_keys = ON[0m
  [1m[35m (0.0ms)[0m  [1m[35mPRAGMA foreign_keys = OFF[0m
  [1m[35m (0.2ms)[0m  [1m[35mCREATE TEMPORARY TABLE "aproducts" ("id" integer NOT NULL PRIMARY KEY, "name" varchar DEFAULT NULL, "description" varchar DEFAULT NULL, "price" integer DEFAULT NULL, "created_at" datetime(6) NOT NULL, "updated_at" datetime(6) NOT NULL, "cart_id" integer DEFAULT NULL, "order_id" integer DEFAULT NULL)[0m
  [1m[35m (0.1ms)[0m  [1m[32mINSERT INTO "aproducts" ("id","name","description","price","created_at","updated_at","cart_id","order_id")
                     SELECT "id","name","description","price","created_at","updated_at","cart_id","order_id" FROM "products"[0m
  [1m[35m (0.2ms)[0m  [1m[35mDROP TABLE "products"[0m
  [1m[35m (0.1ms)[0m  [1m[35mCREATE TABLE "products" ("id" integer NOT NULL PRIMARY KEY, "name" varchar DEFAULT NULL, "description" varchar DEFAULT NULL, "price" integer DEFAULT NULL, "created_at" datetime(6) NOT NULL, "updated_at" datetime(6) NOT NULL, "cart_id" integer DEFAULT NULL)[0m
  [1m[35m (0.0ms)[0m  [1m[32mINSERT INTO "products" ("id","name","description","price","created_at","updated_at","cart_id")
                     SELECT "id","name","description","price","created_at","updated_at","cart_id" FROM "aproducts"[0m
  [1m[35m (0.1ms)[0m  [1m[35mDROP TABLE "aproducts"[0m
  [1m[35m (0.0ms)[0m  [1m[35mPRAGMA defer_foreign_keys = 0[0m
  [1m[35m (0.0ms)[0m  [1m[35mPRAGMA foreign_keys = 1[0m
  [1m[35m (0.0ms)[0m  [1m[35mPRAGMA foreign_keys[0m
  [1m[35m (0.0ms)[0m  [1m[35mPRAGMA defer_foreign_keys[0m
  [1m[35m (0.0ms)[0m  [1m[35mPRAGMA defer_foreign_keys = ON[0m
  [1m[35m (0.0ms)[0m  [1m[35mPRAGMA foreign_keys = OFF[0m
  [1m[35m (0.1ms)[0m  [1m[35mCREATE TEMPORARY TABLE "aproducts" ("id" integer NOT NULL PRIMARY KEY, "name" varchar DEFAULT NULL, "description" varchar DEFAULT NULL, "price" integer DEFAULT NULL, "created_at" datetime(6) NOT NULL, "updated_at" datetime(6) NOT NULL, "cart_id" integer DEFAULT NULL)[0m
  [1m[35m (0.0ms)[0m  [1m[32mINSERT INTO "aproducts" ("id","name","description","price","created_at","updated_at","cart_id")
                     SELECT "id","name","description","price","created_at","updated_at","cart_id" FROM "products"[0m
  [1m[35m (0.1ms)[0m  [1m[35mDROP TABLE "products"[0m
  [1m[35m (0.1ms)[0m  [1m[35mCREATE TABLE "products" ("id" integer NOT NULL PRIMARY KEY, "name" varchar DEFAULT NULL, "description" varchar DEFAULT NULL, "price" integer DEFAULT NULL, "created_at" datetime(6) NOT NULL, "updated_at" datetime(6) NOT NULL)[0m
  [1m[35m (0.1ms)[0m  [1m[32mINSERT INTO "products" ("id","name","description","price","created_at","updated_at")
                     SELECT "id","name","description","price","created_at","updated_at" FROM "aproducts"[0m
  [1m[35m (0.1ms)[0m  [1m[35mDROP TABLE "aproducts"[0m
  [1m[35m (0.1ms)[0m  [1m[35mPRAGMA defer_foreign_keys = 0[0m
  [1m[35m (0.1ms)[0m  [1m[35mPRAGMA foreign_keys = 1[0m
  [1m[36mActiveRecord::SchemaMigration Delete All (0.3ms)[0m  [1m[31mDELETE FROM "schema_migrations" WHERE "schema_migrations"."version" = ?[0m  [["version", "20220623142428"]]
  [1m[36mTRANSACTION (5.5ms)[0m  [1m[36mcommit transaction[0m
  [1m[35m (0.0ms)[0m  [1m[34mSELECT sqlite_version(*)[0m
  [1m[36mActiveRecord::SchemaMigration Pluck (0.1ms)[0m  [1m[34mSELECT "schema_migrations"."version" FROM "schema_migrations" ORDER BY "schema_migrations"."version" ASC[0m
  [1m[35m (0.4ms)[0m  [1m[34mSELECT sqlite_version(*)[0m
  [1m[36mActiveRecord::SchemaMigration Pluck (0.1ms)[0m  [1m[34mSELECT "schema_migrations"."version" FROM "schema_migrations" ORDER BY "schema_migrations"."version" ASC[0m
Migrating to CartIdandorderIdtoProduct (20220623142428)
  [1m[36mTRANSACTION (0.0ms)[0m  [1m[36mbegin transaction[0m
  [1m[35m (0.3ms)[0m  [1m[35mALTER TABLE "products" ADD "shopping_cart_id" integer[0m
  [1m[35m (0.2ms)[0m  [1m[35mALTER TABLE "products" ADD "order_id" integer[0m
  [1m[36mActiveRecord::SchemaMigration Create (0.1ms)[0m  [1m[32mINSERT INTO "schema_migrations" ("version") VALUES (?)[0m  [["version", "20220623142428"]]
  [1m[36mTRANSACTION (4.2ms)[0m  [1m[36mcommit transaction[0m
Migrating to AdduseridtoOrder (20220623142558)
  [1m[36mTRANSACTION (0.0ms)[0m  [1m[36mbegin transaction[0m
  [1m[35m (0.3ms)[0m  [1m[35mALTER TABLE "orders" ADD "user_id" integer[0m
  [1m[36mActiveRecord::SchemaMigration Create (0.1ms)[0m  [1m[32mINSERT INTO "schema_migrations" ("version") VALUES (?)[0m  [["version", "20220623142558"]]
  [1m[36mTRANSACTION (5.0ms)[0m  [1m[36mcommit transaction[0m
  [1m[36mActiveRecord::InternalMetadata Load (0.1ms)[0m  [1m[34mSELECT "ar_internal_metadata".* FROM "ar_internal_metadata" WHERE "ar_internal_metadata"."key" = ? LIMIT ?[0m  [["key", "environment"], ["LIMIT", 1]]
  [1m[35m (0.0ms)[0m  [1m[34mSELECT sqlite_version(*)[0m
  [1m[36mActiveRecord::SchemaMigration Pluck (0.1ms)[0m  [1m[34mSELECT "schema_migrations"."version" FROM "schema_migrations" ORDER BY "schema_migrations"."version" ASC[0m
  [1m[35m (0.4ms)[0m  [1m[34mSELECT sqlite_version(*)[0m
  [1m[35m (0.3ms)[0m  [1m[34mSELECT sqlite_version(*)[0m
  [1m[36mActiveRecord::SchemaMigration Pluck (0.1ms)[0m  [1m[34mSELECT "schema_migrations"."version" FROM "schema_migrations" ORDER BY "schema_migrations"."version" ASC[0m
  [1m[36mActiveRecord::SchemaMigration Pluck (0.1ms)[0m  [1m[34mSELECT "schema_migrations"."version" FROM "schema_migrations" ORDER BY "schema_migrations"."version" ASC[0m
  [1m[36mActiveRecord::SchemaMigration Pluck (0.0ms)[0m  [1m[34mSELECT "schema_migrations"."version" FROM "schema_migrations" ORDER BY "schema_migrations"."version" ASC[0m
  [1m[36mActiveRecord::SchemaMigration Pluck (0.1ms)[0m  [1m[34mSELECT "schema_migrations"."version" FROM "schema_migrations" ORDER BY "schema_migrations"."version" ASC[0m
Migrating to AdduseridtoOrder (20220623142558)
  [1m[36mTRANSACTION (0.1ms)[0m  [1m[36mbegin transaction[0m
  [1m[35m (0.0ms)[0m  [1m[35mPRAGMA foreign_keys[0m
  [1m[35m (0.0ms)[0m  [1m[35mPRAGMA defer_foreign_keys[0m
  [1m[35m (0.0ms)[0m  [1m[35mPRAGMA defer_foreign_keys = ON[0m
  [1m[35m (0.0ms)[0m  [1m[35mPRAGMA foreign_keys = OFF[0m
  [1m[35m (0.1ms)[0m  [1m[35mCREATE TEMPORARY TABLE "aorders" ("id" integer NOT NULL PRIMARY KEY, "total" integer DEFAULT NULL, "status" varchar DEFAULT NULL, "created_at" datetime(6) NOT NULL, "updated_at" datetime(6) NOT NULL, "user_id" integer DEFAULT NULL)[0m
  [1m[35m (0.0ms)[0m  [1m[32mINSERT INTO "aorders" ("id","total","status","created_at","updated_at","user_id")
                     SELECT "id","total","status","created_at","updated_at","user_id" FROM "orders"[0m
  [1m[35m (0.1ms)[0m  [1m[35mDROP TABLE "orders"[0m
  [1m[35m (0.1ms)[0m  [1m[35mCREATE TABLE "orders" ("id" integer NOT NULL PRIMARY KEY, "total" integer DEFAULT NULL, "status" varchar DEFAULT NULL, "created_at" datetime(6) NOT NULL, "updated_at" datetime(6) NOT NULL)[0m
  [1m[35m (0.0ms)[0m  [1m[32mINSERT INTO "orders" ("id","total","status","created_at","updated_at")
                     SELECT "id","total","status","created_at","updated_at" FROM "aorders"[0m
  [1m[35m (0.1ms)[0m  [1m[35mDROP TABLE "aorders"[0m
  [1m[35m (0.0ms)[0m  [1m[35mPRAGMA defer_foreign_keys = 0[0m
  [1m[35m (0.0ms)[0m  [1m[35mPRAGMA foreign_keys = 1[0m
  [1m[36mActiveRecord::SchemaMigration Delete All (0.1ms)[0m  [1m[31mDELETE FROM "schema_migrations" WHERE "schema_migrations"."version" = ?[0m  [["version", "20220623142558"]]
  [1m[36mTRANSACTION (4.6ms)[0m  [1m[36mcommit transaction[0m
  [1m[35m (0.1ms)[0m  [1m[34mSELECT sqlite_version(*)[0m
  [1m[36mActiveRecord::SchemaMigration Pluck (0.1ms)[0m  [1m[34mSELECT "schema_migrations"."version" FROM "schema_migrations" ORDER BY "schema_migrations"."version" ASC[0m
  [1m[35m (0.3ms)[0m  [1m[34mSELECT sqlite_version(*)[0m
  [1m[36mActiveRecord::SchemaMigration Pluck (0.1ms)[0m  [1m[34mSELECT "schema_migrations"."version" FROM "schema_migrations" ORDER BY "schema_migrations"."version" ASC[0m
  [1m[36mActiveRecord::SchemaMigration Pluck (0.1ms)[0m  [1m[34mSELECT "schema_migrations"."version" FROM "schema_migrations" ORDER BY "schema_migrations"."version" ASC[0m
  [1m[36mActiveRecord::SchemaMigration Pluck (0.0ms)[0m  [1m[34mSELECT "schema_migrations"."version" FROM "schema_migrations" ORDER BY "schema_migrations"."version" ASC[0m
  [1m[36mActiveRecord::SchemaMigration Pluck (0.0ms)[0m  [1m[34mSELECT "schema_migrations"."version" FROM "schema_migrations" ORDER BY "schema_migrations"."version" ASC[0m
Migrating to CartIdandorderIdtoProduct (20220623142428)
  [1m[36mTRANSACTION (0.0ms)[0m  [1m[36mbegin transaction[0m
  [1m[35m (0.0ms)[0m  [1m[35mPRAGMA foreign_keys[0m
  [1m[35m (0.0ms)[0m  [1m[35mPRAGMA defer_foreign_keys[0m
  [1m[35m (0.0ms)[0m  [1m[35mPRAGMA defer_foreign_keys = ON[0m
  [1m[35m (0.0ms)[0m  [1m[35mPRAGMA foreign_keys = OFF[0m
  [1m[35m (0.1ms)[0m  [1m[35mCREATE TEMPORARY TABLE "aproducts" ("id" integer NOT NULL PRIMARY KEY, "name" varchar DEFAULT NULL, "description" varchar DEFAULT NULL, "price" integer DEFAULT NULL, "created_at" datetime(6) NOT NULL, "updated_at" datetime(6) NOT NULL, "shopping_cart_id" integer DEFAULT NULL, "order_id" integer DEFAULT NULL)[0m
  [1m[35m (0.1ms)[0m  [1m[32mINSERT INTO "aproducts" ("id","name","description","price","created_at","updated_at","shopping_cart_id","order_id")
                     SELECT "id","name","description","price","created_at","updated_at","shopping_cart_id","order_id" FROM "products"[0m
  [1m[35m (0.1ms)[0m  [1m[35mDROP TABLE "products"[0m
  [1m[35m (0.1ms)[0m  [1m[35mCREATE TABLE "products" ("id" integer NOT NULL PRIMARY KEY, "name" varchar DEFAULT NULL, "description" varchar DEFAULT NULL, "price" integer DEFAULT NULL, "created_at" datetime(6) NOT NULL, "updated_at" datetime(6) NOT NULL, "shopping_cart_id" integer DEFAULT NULL)[0m
  [1m[35m (0.0ms)[0m  [1m[32mINSERT INTO "products" ("id","name","description","price","created_at","updated_at","shopping_cart_id")
                     SELECT "id","name","description","price","created_at","updated_at","shopping_cart_id" FROM "aproducts"[0m
  [1m[35m (0.1ms)[0m  [1m[35mDROP TABLE "aproducts"[0m
  [1m[35m (0.0ms)[0m  [1m[35mPRAGMA defer_foreign_keys = 0[0m
  [1m[35m (0.0ms)[0m  [1m[35mPRAGMA foreign_keys = 1[0m
  [1m[35m (0.0ms)[0m  [1m[35mPRAGMA foreign_keys[0m
  [1m[35m (0.0ms)[0m  [1m[35mPRAGMA defer_foreign_keys[0m
  [1m[35m (0.0ms)[0m  [1m[35mPRAGMA defer_foreign_keys = ON[0m
  [1m[35m (0.0ms)[0m  [1m[35mPRAGMA foreign_keys = OFF[0m
  [1m[35m (0.1ms)[0m  [1m[35mCREATE TEMPORARY TABLE "aproducts" ("id" integer NOT NULL PRIMARY KEY, "name" varchar DEFAULT NULL, "description" varchar DEFAULT NULL, "price" integer DEFAULT NULL, "created_at" datetime(6) NOT NULL, "updated_at" datetime(6) NOT NULL, "shopping_cart_id" integer DEFAULT NULL)[0m
  [1m[35m (0.0ms)[0m  [1m[32mINSERT INTO "aproducts" ("id","name","description","price","created_at","updated_at","shopping_cart_id")
                     SELECT "id","name","description","price","created_at","updated_at","shopping_cart_id" FROM "products"[0m
  [1m[35m (0.1ms)[0m  [1m[35mDROP TABLE "products"[0m
  [1m[35m (0.1ms)[0m  [1m[35mCREATE TABLE "products" ("id" integer NOT NULL PRIMARY KEY, "name" varchar DEFAULT NULL, "description" varchar DEFAULT NULL, "price" integer DEFAULT NULL, "created_at" datetime(6) NOT NULL, "updated_at" datetime(6) NOT NULL)[0m
  [1m[35m (0.0ms)[0m  [1m[32mINSERT INTO "products" ("id","name","description","price","created_at","updated_at")
                     SELECT "id","name","description","price","created_at","updated_at" FROM "aproducts"[0m
  [1m[35m (0.1ms)[0m  [1m[35mDROP TABLE "aproducts"[0m
  [1m[35m (0.1ms)[0m  [1m[35mPRAGMA defer_foreign_keys = 0[0m
  [1m[35m (0.1ms)[0m  [1m[35mPRAGMA foreign_keys = 1[0m
  [1m[36mActiveRecord::SchemaMigration Delete All (0.1ms)[0m  [1m[31mDELETE FROM "schema_migrations" WHERE "schema_migrations"."version" = ?[0m  [["version", "20220623142428"]]
  [1m[36mTRANSACTION (4.5ms)[0m  [1m[36mcommit transaction[0m
  [1m[35m (0.1ms)[0m  [1m[34mSELECT sqlite_version(*)[0m
  [1m[36mActiveRecord::SchemaMigration Pluck (0.1ms)[0m  [1m[34mSELECT "schema_migrations"."version" FROM "schema_migrations" ORDER BY "schema_migrations"."version" ASC[0m
  [1m[35m (0.3ms)[0m  [1m[34mSELECT sqlite_version(*)[0m
  [1m[36mActiveRecord::SchemaMigration Pluck (0.2ms)[0m  [1m[34mSELECT "schema_migrations"."version" FROM "schema_migrations" ORDER BY "schema_migrations"."version" ASC[0m
Migrating to CartIdandorderIdtoProduct (20220623142428)
  [1m[36mTRANSACTION (0.0ms)[0m  [1m[36mbegin transaction[0m
  [1m[35m (0.2ms)[0m  [1m[35mALTER TABLE "products" ADD "shopping_cart_id" integer[0m
  [1m[35m (0.1ms)[0m  [1m[35mALTER TABLE "products" ADD "order_id" integer[0m
  [1m[36mActiveRecord::SchemaMigration Create (0.1ms)[0m  [1m[32mINSERT INTO "schema_migrations" ("version") VALUES (?)[0m  [["version", "20220623142428"]]
  [1m[36mTRANSACTION (4.9ms)[0m  [1m[36mcommit transaction[0m
Migrating to AdduseridtoOrder (20220623142558)
  [1m[36mTRANSACTION (0.1ms)[0m  [1m[36mbegin transaction[0m
  [1m[35m (0.4ms)[0m  [1m[35mALTER TABLE "orders" ADD "user_id" integer[0m
  [1m[36mActiveRecord::SchemaMigration Create (0.2ms)[0m  [1m[32mINSERT INTO "schema_migrations" ("version") VALUES (?)[0m  [["version", "20220623142558"]]
  [1m[36mTRANSACTION (3.9ms)[0m  [1m[36mcommit transaction[0m
  [1m[36mActiveRecord::InternalMetadata Load (0.1ms)[0m  [1m[34mSELECT "ar_internal_metadata".* FROM "ar_internal_metadata" WHERE "ar_internal_metadata"."key" = ? LIMIT ?[0m  [["key", "environment"], ["LIMIT", 1]]
  [1m[35m (0.0ms)[0m  [1m[34mSELECT sqlite_version(*)[0m
  [1m[36mActiveRecord::SchemaMigration Pluck (0.1ms)[0m  [1m[34mSELECT "schema_migrations"."version" FROM "schema_migrations" ORDER BY "schema_migrations"."version" ASC[0m
  [1m[35m (0.4ms)[0m  [1m[34mSELECT sqlite_version(*)[0m
  [1m[35m (0.4ms)[0m  [1m[34mSELECT sqlite_version(*)[0m
  [1m[36mTRANSACTION (0.1ms)[0m  [1m[36mbegin transaction[0m
  [1m[36mUser Create (0.8ms)[0m  [1m[32mINSERT INTO "users" ("first_name", "last_name", "email", "password", "phonenumber", "created_at", "updated_at") VALUES (?, ?, ?, ?, ?, ?, ?)[0m  [["first_name", "user"], ["last_name", "1"], ["email", "user1@gmail.com"], ["password", "[FILTERED]"], ["phonenumber", nil], ["created_at", "2022-06-23 14:42:54.012186"], ["updated_at", "2022-06-23 14:42:54.012186"]]
  [1m[36mTRANSACTION (5.6ms)[0m  [1m[36mcommit transaction[0m
  [1m[36mTRANSACTION (0.1ms)[0m  [1m[36mbegin transaction[0m
  [1m[36mUser Load (0.2ms)[0m  [1m[34mSELECT "users".* FROM "users" WHERE "users"."id" = ? LIMIT ?[0m  [["id", 1], ["LIMIT", 1]]
  [1m[36mOrder Create (0.1ms)[0m  [1m[32mINSERT INTO "orders" ("total", "status", "created_at", "updated_at", "user_id") VALUES (?, ?, ?, ?, ?)[0m  [["total", nil], ["status", "orderd"], ["created_at", "2022-06-23 14:44:05.961899"], ["updated_at", "2022-06-23 14:44:05.961899"], ["user_id", 1]]
  [1m[36mTRANSACTION (5.3ms)[0m  [1m[36mcommit transaction[0m
  [1m[36mUser Load (0.2ms)[0m  [1m[34mSELECT "users".* FROM "users" ORDER BY "users"."id" ASC LIMIT ?[0m  [["LIMIT", 1]]
  [1m[36mOrder Load (0.2ms)[0m  [1m[34mSELECT "orders".* FROM "orders" WHERE "orders"."user_id" = ?[0m  [["user_id", 1]]
  [1m[36mTRANSACTION (0.1ms)[0m  [1m[36mbegin transaction[0m
  [1m[36mUser Load (0.1ms)[0m  [1m[34mSELECT "users".* FROM "users" WHERE "users"."id" = ? LIMIT ?[0m  [["id", 1], ["LIMIT", 1]]
  [1m[36mShoppingCart Create (0.3ms)[0m  [1m[32mINSERT INTO "shopping_carts" ("created_at", "updated_at", "user_id") VALUES (?, ?, ?)[0m  [["created_at", "2022-06-23 14:45:55.620464"], ["updated_at", "2022-06-23 14:45:55.620464"], ["user_id", 1]]
  [1m[36mTRANSACTION (4.9ms)[0m  [1m[36mcommit transaction[0m
  [1m[36mUser Load (0.1ms)[0m  [1m[34mSELECT "users".* FROM "users" ORDER BY "users"."id" ASC LIMIT ?[0m  [["LIMIT", 1]]
  [1m[36mShoppingCart Load (0.2ms)[0m  [1m[34mSELECT "shopping_carts".* FROM "shopping_carts" WHERE "shopping_carts"."user_id" = ? LIMIT ?[0m  [["user_id", 1], ["LIMIT", 1]]
  [1m[36mTRANSACTION (0.1ms)[0m  [1m[36mbegin transaction[0m
  [1m[36mShoppingCart Load (0.4ms)[0m  [1m[34mSELECT "shopping_carts".* FROM "shopping_carts" WHERE "shopping_carts"."id" = ? LIMIT ?[0m  [["id", 1], ["LIMIT", 1]]
  [1m[36mOrder Load (0.4ms)[0m  [1m[34mSELECT "orders".* FROM "orders" WHERE "orders"."id" = ? LIMIT ?[0m  [["id", 1], ["LIMIT", 1]]
  [1m[36mProduct Create (0.6ms)[0m  [1m[32mINSERT INTO "products" ("name", "description", "price", "created_at", "updated_at", "shopping_cart_id", "order_id") VALUES (?, ?, ?, ?, ?, ?, ?)[0m  [["name", "Apple phone"], ["description", "Best phone in the industry"], ["price", 50000], ["created_at", "2022-06-23 14:47:21.903227"], ["updated_at", "2022-06-23 14:47:21.903227"], ["shopping_cart_id", 1], ["order_id", 1]]
  [1m[36mTRANSACTION (5.2ms)[0m  [1m[36mcommit transaction[0m
  [1m[35m (0.4ms)[0m  [1m[34mSELECT sqlite_version(*)[0m
  [1m[36mActiveRecord::SchemaMigration Pluck (0.1ms)[0m  [1m[34mSELECT "schema_migrations"."version" FROM "schema_migrations" ORDER BY "schema_migrations"."version" ASC[0m
Migrating to CreateProductOrders (20220623150016)
  [1m[36mTRANSACTION (0.0ms)[0m  [1m[36mbegin transaction[0m
  [1m[35m (0.2ms)[0m  [1m[35mCREATE TABLE "product_orders" ("id" integer PRIMARY KEY AUTOINCREMENT NOT NULL, "product_id" integer, "order_id" integer, "created_at" datetime(6) NOT NULL, "updated_at" datetime(6) NOT NULL)[0m
  [1m[36mActiveRecord::SchemaMigration Create (0.2ms)[0m  [1m[32mINSERT INTO "schema_migrations" ("version") VALUES (?)[0m  [["version", "20220623150016"]]
  [1m[36mTRANSACTION (6.1ms)[0m  [1m[36mcommit transaction[0m
Migrating to CreateProductShoppingCarts (20220623150046)
  [1m[36mTRANSACTION (0.0ms)[0m  [1m[36mbegin transaction[0m
  [1m[35m (0.2ms)[0m  [1m[35mCREATE TABLE "product_shopping_carts" ("id" integer PRIMARY KEY AUTOINCREMENT NOT NULL, "product_id" integer, "shopping_carts_id" integer, "created_at" datetime(6) NOT NULL, "updated_at" datetime(6) NOT NULL)[0m
  [1m[36mActiveRecord::SchemaMigration Create (0.1ms)[0m  [1m[32mINSERT INTO "schema_migrations" ("version") VALUES (?)[0m  [["version", "20220623150046"]]
  [1m[36mTRANSACTION (6.1ms)[0m  [1m[36mcommit transaction[0m
  [1m[36mActiveRecord::InternalMetadata Load (0.4ms)[0m  [1m[34mSELECT "ar_internal_metadata".* FROM "ar_internal_metadata" WHERE "ar_internal_metadata"."key" = ? LIMIT ?[0m  [["key", "environment"], ["LIMIT", 1]]
  [1m[35m (0.1ms)[0m  [1m[34mSELECT sqlite_version(*)[0m
  [1m[36mActiveRecord::SchemaMigration Pluck (0.2ms)[0m  [1m[34mSELECT "schema_migrations"."version" FROM "schema_migrations" ORDER BY "schema_migrations"."version" ASC[0m
  [1m[35m (0.5ms)[0m  [1m[34mSELECT sqlite_version(*)[0m
  [1m[36mActiveRecord::SchemaMigration Pluck (0.3ms)[0m  [1m[34mSELECT "schema_migrations"."version" FROM "schema_migrations" ORDER BY "schema_migrations"."version" ASC[0m
  [1m[36mActiveRecord::SchemaMigration Pluck (0.2ms)[0m  [1m[34mSELECT "schema_migrations"."version" FROM "schema_migrations" ORDER BY "schema_migrations"."version" ASC[0m
  [1m[36mActiveRecord::SchemaMigration Pluck (0.0ms)[0m  [1m[34mSELECT "schema_migrations"."version" FROM "schema_migrations" ORDER BY "schema_migrations"."version" ASC[0m
  [1m[36mActiveRecord::SchemaMigration Pluck (0.0ms)[0m  [1m[34mSELECT "schema_migrations"."version" FROM "schema_migrations" ORDER BY "schema_migrations"."version" ASC[0m
Migrating to CreateProductShoppingCarts (20220623150046)
  [1m[36mTRANSACTION (0.0ms)[0m  [1m[36mbegin transaction[0m
  [1m[35m (0.2ms)[0m  [1m[35mDROP TABLE "product_shopping_carts"[0m
  [1m[36mActiveRecord::SchemaMigration Delete All (0.1ms)[0m  [1m[31mDELETE FROM "schema_migrations" WHERE "schema_migrations"."version" = ?[0m  [["version", "20220623150046"]]
  [1m[36mTRANSACTION (5.1ms)[0m  [1m[36mcommit transaction[0m
  [1m[35m (0.1ms)[0m  [1m[34mSELECT sqlite_version(*)[0m
  [1m[36mActiveRecord::SchemaMigration Pluck (0.2ms)[0m  [1m[34mSELECT "schema_migrations"."version" FROM "schema_migrations" ORDER BY "schema_migrations"."version" ASC[0m
  [1m[35m (0.6ms)[0m  [1m[34mSELECT sqlite_version(*)[0m
  [1m[36mActiveRecord::SchemaMigration Pluck (0.1ms)[0m  [1m[34mSELECT "schema_migrations"."version" FROM "schema_migrations" ORDER BY "schema_migrations"."version" ASC[0m
  [1m[36mActiveRecord::SchemaMigration Pluck (0.1ms)[0m  [1m[34mSELECT "schema_migrations"."version" FROM "schema_migrations" ORDER BY "schema_migrations"."version" ASC[0m
  [1m[36mActiveRecord::SchemaMigration Pluck (0.0ms)[0m  [1m[34mSELECT "schema_migrations"."version" FROM "schema_migrations" ORDER BY "schema_migrations"."version" ASC[0m
  [1m[36mActiveRecord::SchemaMigration Pluck (0.0ms)[0m  [1m[34mSELECT "schema_migrations"."version" FROM "schema_migrations" ORDER BY "schema_migrations"."version" ASC[0m
Migrating to CreateProductOrders (20220623150016)
  [1m[36mTRANSACTION (0.0ms)[0m  [1m[36mbegin transaction[0m
  [1m[35m (0.2ms)[0m  [1m[35mDROP TABLE "product_orders"[0m
  [1m[36mActiveRecord::SchemaMigration Delete All (0.1ms)[0m  [1m[31mDELETE FROM "schema_migrations" WHERE "schema_migrations"."version" = ?[0m  [["version", "20220623150016"]]
  [1m[36mTRANSACTION (6.0ms)[0m  [1m[36mcommit transaction[0m
  [1m[35m (0.2ms)[0m  [1m[34mSELECT sqlite_version(*)[0m
  [1m[36mActiveRecord::SchemaMigration Pluck (0.2ms)[0m  [1m[34mSELECT "schema_migrations"."version" FROM "schema_migrations" ORDER BY "schema_migrations"."version" ASC[0m
  [1m[35m (0.3ms)[0m  [1m[34mSELECT sqlite_version(*)[0m
  [1m[36mActiveRecord::SchemaMigration Pluck (0.1ms)[0m  [1m[34mSELECT "schema_migrations"."version" FROM "schema_migrations" ORDER BY "schema_migrations"."version" ASC[0m
  [1m[36mActiveRecord::SchemaMigration Pluck (0.0ms)[0m  [1m[34mSELECT "schema_migrations"."version" FROM "schema_migrations" ORDER BY "schema_migrations"."version" ASC[0m
  [1m[36mActiveRecord::SchemaMigration Pluck (0.0ms)[0m  [1m[34mSELECT "schema_migrations"."version" FROM "schema_migrations" ORDER BY "schema_migrations"."version" ASC[0m
  [1m[36mActiveRecord::SchemaMigration Pluck (0.1ms)[0m  [1m[34mSELECT "schema_migrations"."version" FROM "schema_migrations" ORDER BY "schema_migrations"."version" ASC[0m
Migrating to AdduseridtoOrder (20220623142558)
  [1m[36mTRANSACTION (0.1ms)[0m  [1m[36mbegin transaction[0m
  [1m[35m (0.0ms)[0m  [1m[35mPRAGMA foreign_keys[0m
  [1m[35m (0.1ms)[0m  [1m[35mPRAGMA defer_foreign_keys[0m
  [1m[35m (0.1ms)[0m  [1m[35mPRAGMA defer_foreign_keys = ON[0m
  [1m[35m (0.1ms)[0m  [1m[35mPRAGMA foreign_keys = OFF[0m
  [1m[35m (0.3ms)[0m  [1m[35mCREATE TEMPORARY TABLE "aorders" ("id" integer NOT NULL PRIMARY KEY, "total" integer DEFAULT NULL, "status" varchar DEFAULT NULL, "created_at" datetime(6) NOT NULL, "updated_at" datetime(6) NOT NULL, "user_id" integer DEFAULT NULL)[0m
  [1m[35m (0.6ms)[0m  [1m[32mINSERT INTO "aorders" ("id","total","status","created_at","updated_at","user_id")
                     SELECT "id","total","status","created_at","updated_at","user_id" FROM "orders"[0m
  [1m[35m (0.3ms)[0m  [1m[35mDROP TABLE "orders"[0m
  [1m[35m (0.1ms)[0m  [1m[35mCREATE TABLE "orders" ("id" integer NOT NULL PRIMARY KEY, "total" integer DEFAULT NULL, "status" varchar DEFAULT NULL, "created_at" datetime(6) NOT NULL, "updated_at" datetime(6) NOT NULL)[0m
  [1m[35m (0.1ms)[0m  [1m[32mINSERT INTO "orders" ("id","total","status","created_at","updated_at")
                     SELECT "id","total","status","created_at","updated_at" FROM "aorders"[0m
  [1m[35m (0.1ms)[0m  [1m[35mDROP TABLE "aorders"[0m
  [1m[35m (0.1ms)[0m  [1m[35mPRAGMA defer_foreign_keys = 0[0m
  [1m[35m (0.1ms)[0m  [1m[35mPRAGMA foreign_keys = 1[0m
  [1m[36mActiveRecord::SchemaMigration Delete All (0.2ms)[0m  [1m[31mDELETE FROM "schema_migrations" WHERE "schema_migrations"."version" = ?[0m  [["version", "20220623142558"]]
  [1m[36mTRANSACTION (4.6ms)[0m  [1m[36mcommit transaction[0m
  [1m[35m (0.0ms)[0m  [1m[34mSELECT sqlite_version(*)[0m
  [1m[36mActiveRecord::SchemaMigration Pluck (0.1ms)[0m  [1m[34mSELECT "schema_migrations"."version" FROM "schema_migrations" ORDER BY "schema_migrations"."version" ASC[0m
  [1m[35m (0.3ms)[0m  [1m[34mSELECT sqlite_version(*)[0m
  [1m[36mActiveRecord::SchemaMigration Pluck (0.1ms)[0m  [1m[34mSELECT "schema_migrations"."version" FROM "schema_migrations" ORDER BY "schema_migrations"."version" ASC[0m
  [1m[36mActiveRecord::SchemaMigration Pluck (0.0ms)[0m  [1m[34mSELECT "schema_migrations"."version" FROM "schema_migrations" ORDER BY "schema_migrations"."version" ASC[0m
  [1m[36mActiveRecord::SchemaMigration Pluck (0.0ms)[0m  [1m[34mSELECT "schema_migrations"."version" FROM "schema_migrations" ORDER BY "schema_migrations"."version" ASC[0m
  [1m[36mActiveRecord::SchemaMigration Pluck (0.1ms)[0m  [1m[34mSELECT "schema_migrations"."version" FROM "schema_migrations" ORDER BY "schema_migrations"."version" ASC[0m
Migrating to CartIdandorderIdtoProduct (20220623142428)
  [1m[36mTRANSACTION (0.0ms)[0m  [1m[36mbegin transaction[0m
  [1m[35m (0.0ms)[0m  [1m[35mPRAGMA foreign_keys[0m
  [1m[35m (0.1ms)[0m  [1m[35mPRAGMA defer_foreign_keys[0m
  [1m[35m (0.0ms)[0m  [1m[35mPRAGMA defer_foreign_keys = ON[0m
  [1m[35m (0.0ms)[0m  [1m[35mPRAGMA foreign_keys = OFF[0m
  [1m[35m (0.1ms)[0m  [1m[35mCREATE TEMPORARY TABLE "aproducts" ("id" integer NOT NULL PRIMARY KEY, "name" varchar DEFAULT NULL, "description" varchar DEFAULT NULL, "price" integer DEFAULT NULL, "created_at" datetime(6) NOT NULL, "updated_at" datetime(6) NOT NULL, "shopping_cart_id" integer DEFAULT NULL, "order_id" integer DEFAULT NULL)[0m
  [1m[35m (0.1ms)[0m  [1m[32mINSERT INTO "aproducts" ("id","name","description","price","created_at","updated_at","shopping_cart_id","order_id")
                     SELECT "id","name","description","price","created_at","updated_at","shopping_cart_id","order_id" FROM "products"[0m
  [1m[35m (0.1ms)[0m  [1m[35mDROP TABLE "products"[0m
  [1m[35m (0.2ms)[0m  [1m[35mCREATE TABLE "products" ("id" integer NOT NULL PRIMARY KEY, "name" varchar DEFAULT NULL, "description" varchar DEFAULT NULL, "price" integer DEFAULT NULL, "created_at" datetime(6) NOT NULL, "updated_at" datetime(6) NOT NULL, "shopping_cart_id" integer DEFAULT NULL)[0m
  [1m[35m (0.4ms)[0m  [1m[32mINSERT INTO "products" ("id","name","description","price","created_at","updated_at","shopping_cart_id")
                     SELECT "id","name","description","price","created_at","updated_at","shopping_cart_id" FROM "aproducts"[0m
  [1m[35m (0.1ms)[0m  [1m[35mDROP TABLE "aproducts"[0m
  [1m[35m (0.1ms)[0m  [1m[35mPRAGMA defer_foreign_keys = 0[0m
  [1m[35m (0.4ms)[0m  [1m[35mPRAGMA foreign_keys = 1[0m
  [1m[35m (0.0ms)[0m  [1m[35mPRAGMA foreign_keys[0m
  [1m[35m (0.0ms)[0m  [1m[35mPRAGMA defer_foreign_keys[0m
  [1m[35m (0.0ms)[0m  [1m[35mPRAGMA defer_foreign_keys = ON[0m
  [1m[35m (0.0ms)[0m  [1m[35mPRAGMA foreign_keys = OFF[0m
  [1m[35m (0.1ms)[0m  [1m[35mCREATE TEMPORARY TABLE "aproducts" ("id" integer NOT NULL PRIMARY KEY, "name" varchar DEFAULT NULL, "description" varchar DEFAULT NULL, "price" integer DEFAULT NULL, "created_at" datetime(6) NOT NULL, "updated_at" datetime(6) NOT NULL, "shopping_cart_id" integer DEFAULT NULL)[0m
  [1m[35m (0.1ms)[0m  [1m[32mINSERT INTO "aproducts" ("id","name","description","price","created_at","updated_at","shopping_cart_id")
                     SELECT "id","name","description","price","created_at","updated_at","shopping_cart_id" FROM "products"[0m
  [1m[35m (0.1ms)[0m  [1m[35mDROP TABLE "products"[0m
  [1m[35m (0.1ms)[0m  [1m[35mCREATE TABLE "products" ("id" integer NOT NULL PRIMARY KEY, "name" varchar DEFAULT NULL, "description" varchar DEFAULT NULL, "price" integer DEFAULT NULL, "created_at" datetime(6) NOT NULL, "updated_at" datetime(6) NOT NULL)[0m
  [1m[35m (0.0ms)[0m  [1m[32mINSERT INTO "products" ("id","name","description","price","created_at","updated_at")
                     SELECT "id","name","description","price","created_at","updated_at" FROM "aproducts"[0m
  [1m[35m (0.1ms)[0m  [1m[35mDROP TABLE "aproducts"[0m
  [1m[35m (0.0ms)[0m  [1m[35mPRAGMA defer_foreign_keys = 0[0m
  [1m[35m (0.0ms)[0m  [1m[35mPRAGMA foreign_keys = 1[0m
  [1m[36mActiveRecord::SchemaMigration Delete All (0.1ms)[0m  [1m[31mDELETE FROM "schema_migrations" WHERE "schema_migrations"."version" = ?[0m  [["version", "20220623142428"]]
  [1m[36mTRANSACTION (6.4ms)[0m  [1m[36mcommit transaction[0m
  [1m[35m (0.0ms)[0m  [1m[34mSELECT sqlite_version(*)[0m
  [1m[36mActiveRecord::SchemaMigration Pluck (0.1ms)[0m  [1m[34mSELECT "schema_migrations"."version" FROM "schema_migrations" ORDER BY "schema_migrations"."version" ASC[0m
  [1m[35m (0.3ms)[0m  [1m[34mSELECT sqlite_version(*)[0m
  [1m[36mActiveRecord::SchemaMigration Pluck (0.3ms)[0m  [1m[34mSELECT "schema_migrations"."version" FROM "schema_migrations" ORDER BY "schema_migrations"."version" ASC[0m
Migrating to AdduseridtoOrder (20220623142558)
  [1m[36mTRANSACTION (0.1ms)[0m  [1m[36mbegin transaction[0m
  [1m[35m (0.3ms)[0m  [1m[35mALTER TABLE "orders" ADD "user_id" integer[0m
  [1m[36mActiveRecord::SchemaMigration Create (0.1ms)[0m  [1m[32mINSERT INTO "schema_migrations" ("version") VALUES (?)[0m  [["version", "20220623142558"]]
  [1m[36mTRANSACTION (4.8ms)[0m  [1m[36mcommit transaction[0m
Migrating to CreateProductOrders (20220623150016)
  [1m[36mTRANSACTION (0.0ms)[0m  [1m[36mbegin transaction[0m
  [1m[35m (0.3ms)[0m  [1m[35mCREATE TABLE "product_orders" ("id" integer PRIMARY KEY AUTOINCREMENT NOT NULL, "product_id" integer, "order_id" integer, "created_at" datetime(6) NOT NULL, "updated_at" datetime(6) NOT NULL)[0m
  [1m[36mActiveRecord::SchemaMigration Create (0.1ms)[0m  [1m[32mINSERT INTO "schema_migrations" ("version") VALUES (?)[0m  [["version", "20220623150016"]]
  [1m[36mTRANSACTION (5.0ms)[0m  [1m[36mcommit transaction[0m
Migrating to CreateProductShoppingCarts (20220623150046)
  [1m[36mTRANSACTION (0.0ms)[0m  [1m[36mbegin transaction[0m
  [1m[35m (0.2ms)[0m  [1m[35mCREATE TABLE "product_shopping_carts" ("id" integer PRIMARY KEY AUTOINCREMENT NOT NULL, "product_id" integer, "shopping_carts_id" integer, "created_at" datetime(6) NOT NULL, "updated_at" datetime(6) NOT NULL)[0m
  [1m[36mActiveRecord::SchemaMigration Create (0.1ms)[0m  [1m[32mINSERT INTO "schema_migrations" ("version") VALUES (?)[0m  [["version", "20220623150046"]]
  [1m[36mTRANSACTION (4.9ms)[0m  [1m[36mcommit transaction[0m
  [1m[36mActiveRecord::InternalMetadata Load (0.3ms)[0m  [1m[34mSELECT "ar_internal_metadata".* FROM "ar_internal_metadata" WHERE "ar_internal_metadata"."key" = ? LIMIT ?[0m  [["key", "environment"], ["LIMIT", 1]]
  [1m[35m (0.0ms)[0m  [1m[34mSELECT sqlite_version(*)[0m
  [1m[36mActiveRecord::SchemaMigration Pluck (0.1ms)[0m  [1m[34mSELECT "schema_migrations"."version" FROM "schema_migrations" ORDER BY "schema_migrations"."version" ASC[0m
  [1m[35m (3.1ms)[0m  [1m[34mSELECT sqlite_version(*)[0m
  [1m[36mUser Load (0.6ms)[0m  [1m[34mSELECT "users".* FROM "users"[0m
  [1m[36mOrder Load (0.5ms)[0m  [1m[34mSELECT "orders".* FROM "orders"[0m
  [1m[36mTRANSACTION (0.1ms)[0m  [1m[36mbegin transaction[0m
  [1m[36mProduct Create (1.1ms)[0m  [1m[32mINSERT INTO "products" ("name", "description", "price", "created_at", "updated_at") VALUES (?, ?, ?, ?, ?)[0m  [["name", "Dell monitor"], ["description", "Best computer in the industry"], ["price", 15000], ["created_at", "2022-06-23 15:07:18.521115"], ["updated_at", "2022-06-23 15:07:18.521115"]]
  [1m[36mTRANSACTION (14.0ms)[0m  [1m[36mcommit transaction[0m
  [1m[35m (0.3ms)[0m  [1m[34mSELECT sqlite_version(*)[0m
  [1m[36mActiveRecord::SchemaMigration Pluck (0.2ms)[0m  [1m[34mSELECT "schema_migrations"."version" FROM "schema_migrations" ORDER BY "schema_migrations"."version" ASC[0m
  [1m[36mActiveRecord::InternalMetadata Pluck (0.1ms)[0m  [1m[34mSELECT "ar_internal_metadata"."value" FROM "ar_internal_metadata" WHERE "ar_internal_metadata"."key" = ? LIMIT ?[0m  [["key", "environment"], ["LIMIT", 1]]
  [1m[36mActiveRecord::SchemaMigration Pluck (0.0ms)[0m  [1m[34mSELECT "schema_migrations"."version" FROM "schema_migrations" ORDER BY "schema_migrations"."version" ASC[0m
  [1m[36mActiveRecord::InternalMetadata Pluck (0.1ms)[0m  [1m[34mSELECT "ar_internal_metadata"."value" FROM "ar_internal_metadata" WHERE "ar_internal_metadata"."key" = ? LIMIT ?[0m  [["key", "environment"], ["LIMIT", 1]]
  [1m[36mActiveRecord::SchemaMigration Pluck (0.0ms)[0m  [1m[34mSELECT "schema_migrations"."version" FROM "schema_migrations" ORDER BY "schema_migrations"."version" ASC[0m
  [1m[36mActiveRecord::InternalMetadata Pluck (0.0ms)[0m  [1m[34mSELECT "ar_internal_metadata"."value" FROM "ar_internal_metadata" WHERE "ar_internal_metadata"."key" = ? LIMIT ?[0m  [["key", "environment"], ["LIMIT", 1]]
  [1m[35m (0.0ms)[0m  [1m[34mSELECT sqlite_version(*)[0m
  [1m[35m (0.0ms)[0m  [1m[34mSELECT sqlite_version(*)[0m
  [1m[35m (0.0ms)[0m  [1m[34mSELECT sqlite_version(*)[0m
  [1m[35m (0.1ms)[0m  [1m[35mDROP TABLE IF EXISTS "orders"[0m
  [1m[35m (6.5ms)[0m  [1m[35mCREATE TABLE "orders" ("id" integer PRIMARY KEY AUTOINCREMENT NOT NULL, "total" integer, "status" varchar, "created_at" datetime(6) NOT NULL, "updated_at" datetime(6) NOT NULL, "user_id" integer)[0m
  [1m[35m (0.1ms)[0m  [1m[35mDROP TABLE IF EXISTS "product_orders"[0m
  [1m[35m (5.5ms)[0m  [1m[35mCREATE TABLE "product_orders" ("id" integer PRIMARY KEY AUTOINCREMENT NOT NULL, "product_id" integer, "order_id" integer, "created_at" datetime(6) NOT NULL, "updated_at" datetime(6) NOT NULL)[0m
  [1m[35m (0.1ms)[0m  [1m[35mDROP TABLE IF EXISTS "product_shopping_carts"[0m
  [1m[35m (5.6ms)[0m  [1m[35mCREATE TABLE "product_shopping_carts" ("id" integer PRIMARY KEY AUTOINCREMENT NOT NULL, "product_id" integer, "shopping_carts_id" integer, "created_at" datetime(6) NOT NULL, "updated_at" datetime(6) NOT NULL)[0m
  [1m[35m (0.1ms)[0m  [1m[35mDROP TABLE IF EXISTS "products"[0m
  [1m[35m (5.7ms)[0m  [1m[35mCREATE TABLE "products" ("id" integer PRIMARY KEY AUTOINCREMENT NOT NULL, "name" varchar, "description" varchar, "price" integer, "created_at" datetime(6) NOT NULL, "updated_at" datetime(6) NOT NULL)[0m
  [1m[35m (0.1ms)[0m  [1m[35mDROP TABLE IF EXISTS "shopping_carts"[0m
  [1m[35m (4.5ms)[0m  [1m[35mCREATE TABLE "shopping_carts" ("id" integer PRIMARY KEY AUTOINCREMENT NOT NULL, "created_at" datetime(6) NOT NULL, "updated_at" datetime(6) NOT NULL, "user_id" integer)[0m
  [1m[35m (0.1ms)[0m  [1m[35mDROP TABLE IF EXISTS "users"[0m
  [1m[35m (5.7ms)[0m  [1m[35mCREATE TABLE "users" ("id" integer PRIMARY KEY AUTOINCREMENT NOT NULL, "first_name" varchar, "last_name" varchar, "email" varchar, "password" varchar, "phonenumber" varchar, "created_at" datetime(6) NOT NULL, "updated_at" datetime(6) NOT NULL)[0m
  [1m[35m (5.7ms)[0m  [1m[35mCREATE TABLE "schema_migrations" ("version" varchar NOT NULL PRIMARY KEY)[0m
  [1m[36mActiveRecord::SchemaMigration Pluck (0.1ms)[0m  [1m[34mSELECT "schema_migrations"."version" FROM "schema_migrations" ORDER BY "schema_migrations"."version" ASC[0m
  [1m[35m (4.2ms)[0m  [1m[32mINSERT INTO "schema_migrations" (version) VALUES (20220623150046)[0m
  [1m[35m (4.9ms)[0m  [1m[32mINSERT INTO "schema_migrations" (version) VALUES
(20220623120404),
(20220623134018),
(20220623134253),
(20220623134417),
(20220623142116),
(20220623142558),
(20220623150016);

[0m
  [1m[35m (7.3ms)[0m  [1m[35mCREATE TABLE "ar_internal_metadata" ("key" varchar NOT NULL PRIMARY KEY, "value" varchar, "created_at" datetime(6) NOT NULL, "updated_at" datetime(6) NOT NULL)[0m
  [1m[36mActiveRecord::InternalMetadata Load (0.1ms)[0m  [1m[34mSELECT "ar_internal_metadata".* FROM "ar_internal_metadata" WHERE "ar_internal_metadata"."key" = ? LIMIT ?[0m  [["key", "environment"], ["LIMIT", 1]]
  [1m[36mTRANSACTION (0.0ms)[0m  [1m[36mbegin transaction[0m
  [1m[36mActiveRecord::InternalMetadata Create (0.2ms)[0m  [1m[32mINSERT INTO "ar_internal_metadata" ("key", "value", "created_at", "updated_at") VALUES (?, ?, ?, ?)[0m  [["key", "environment"], ["value", "development"], ["created_at", "2022-06-23 15:07:35.253893"], ["updated_at", "2022-06-23 15:07:35.253893"]]
  [1m[36mTRANSACTION (4.1ms)[0m  [1m[36mcommit transaction[0m
  [1m[36mActiveRecord::InternalMetadata Load (0.1ms)[0m  [1m[34mSELECT "ar_internal_metadata".* FROM "ar_internal_metadata" WHERE "ar_internal_metadata"."key" = ? LIMIT ?[0m  [["key", "environment"], ["LIMIT", 1]]
  [1m[36mActiveRecord::InternalMetadata Load (0.1ms)[0m  [1m[34mSELECT "ar_internal_metadata".* FROM "ar_internal_metadata" WHERE "ar_internal_metadata"."key" = ? LIMIT ?[0m  [["key", "schema_sha1"], ["LIMIT", 1]]
  [1m[36mTRANSACTION (0.0ms)[0m  [1m[36mbegin transaction[0m
  [1m[36mActiveRecord::InternalMetadata Create (0.2ms)[0m  [1m[32mINSERT INTO "ar_internal_metadata" ("key", "value", "created_at", "updated_at") VALUES (?, ?, ?, ?)[0m  [["key", "schema_sha1"], ["value", "f7be12af85501ec049fcf3b1b3b902fa30fd4461"], ["created_at", "2022-06-23 15:07:35.262862"], ["updated_at", "2022-06-23 15:07:35.262862"]]
  [1m[36mTRANSACTION (6.7ms)[0m  [1m[36mcommit transaction[0m
  [1m[35m (0.0ms)[0m  [1m[34mSELECT sqlite_version(*)[0m
  [1m[35m (0.1ms)[0m  [1m[35mDROP TABLE IF EXISTS "orders"[0m
  [1m[35m (5.7ms)[0m  [1m[35mCREATE TABLE "orders" ("id" integer PRIMARY KEY AUTOINCREMENT NOT NULL, "total" integer, "status" varchar, "created_at" datetime(6) NOT NULL, "updated_at" datetime(6) NOT NULL, "user_id" integer)[0m
  [1m[35m (0.1ms)[0m  [1m[35mDROP TABLE IF EXISTS "product_orders"[0m
  [1m[35m (4.8ms)[0m  [1m[35mCREATE TABLE "product_orders" ("id" integer PRIMARY KEY AUTOINCREMENT NOT NULL, "product_id" integer, "order_id" integer, "created_at" datetime(6) NOT NULL, "updated_at" datetime(6) NOT NULL)[0m
  [1m[35m (0.1ms)[0m  [1m[35mDROP TABLE IF EXISTS "product_shopping_carts"[0m
  [1m[35m (5.7ms)[0m  [1m[35mCREATE TABLE "product_shopping_carts" ("id" integer PRIMARY KEY AUTOINCREMENT NOT NULL, "product_id" integer, "shopping_carts_id" integer, "created_at" datetime(6) NOT NULL, "updated_at" datetime(6) NOT NULL)[0m
  [1m[35m (0.1ms)[0m  [1m[35mDROP TABLE IF EXISTS "products"[0m
  [1m[35m (7.9ms)[0m  [1m[35mCREATE TABLE "products" ("id" integer PRIMARY KEY AUTOINCREMENT NOT NULL, "name" varchar, "description" varchar, "price" integer, "created_at" datetime(6) NOT NULL, "updated_at" datetime(6) NOT NULL)[0m
  [1m[35m (0.1ms)[0m  [1m[35mDROP TABLE IF EXISTS "shopping_carts"[0m
  [1m[35m (4.7ms)[0m  [1m[35mCREATE TABLE "shopping_carts" ("id" integer PRIMARY KEY AUTOINCREMENT NOT NULL, "created_at" datetime(6) NOT NULL, "updated_at" datetime(6) NOT NULL, "user_id" integer)[0m
  [1m[35m (0.1ms)[0m  [1m[35mDROP TABLE IF EXISTS "users"[0m
  [1m[35m (5.5ms)[0m  [1m[35mCREATE TABLE "users" ("id" integer PRIMARY KEY AUTOINCREMENT NOT NULL, "first_name" varchar, "last_name" varchar, "email" varchar, "password" varchar, "phonenumber" varchar, "created_at" datetime(6) NOT NULL, "updated_at" datetime(6) NOT NULL)[0m
  [1m[35m (4.7ms)[0m  [1m[35mCREATE TABLE "schema_migrations" ("version" varchar NOT NULL PRIMARY KEY)[0m
  [1m[36mActiveRecord::SchemaMigration Pluck (0.1ms)[0m  [1m[34mSELECT "schema_migrations"."version" FROM "schema_migrations" ORDER BY "schema_migrations"."version" ASC[0m
  [1m[35m (5.2ms)[0m  [1m[32mINSERT INTO "schema_migrations" (version) VALUES (20220623150046)[0m
  [1m[35m (5.1ms)[0m  [1m[32mINSERT INTO "schema_migrations" (version) VALUES
(20220623120404),
(20220623134018),
(20220623134253),
(20220623134417),
(20220623142116),
(20220623142558),
(20220623150016);

[0m
  [1m[35m (6.8ms)[0m  [1m[35mCREATE TABLE "ar_internal_metadata" ("key" varchar NOT NULL PRIMARY KEY, "value" varchar, "created_at" datetime(6) NOT NULL, "updated_at" datetime(6) NOT NULL)[0m
  [1m[36mActiveRecord::InternalMetadata Load (0.4ms)[0m  [1m[34mSELECT "ar_internal_metadata".* FROM "ar_internal_metadata" WHERE "ar_internal_metadata"."key" = ? LIMIT ?[0m  [["key", "environment"], ["LIMIT", 1]]
  [1m[36mTRANSACTION (0.2ms)[0m  [1m[36mbegin transaction[0m
  [1m[36mActiveRecord::InternalMetadata Create (0.8ms)[0m  [1m[32mINSERT INTO "ar_internal_metadata" ("key", "value", "created_at", "updated_at") VALUES (?, ?, ?, ?)[0m  [["key", "environment"], ["value", "development"], ["created_at", "2022-06-23 15:07:35.348573"], ["updated_at", "2022-06-23 15:07:35.348573"]]
  [1m[36mTRANSACTION (6.9ms)[0m  [1m[36mcommit transaction[0m
  [1m[36mActiveRecord::InternalMetadata Load (0.3ms)[0m  [1m[34mSELECT "ar_internal_metadata".* FROM "ar_internal_metadata" WHERE "ar_internal_metadata"."key" = ? LIMIT ?[0m  [["key", "environment"], ["LIMIT", 1]]
  [1m[36mTRANSACTION (0.1ms)[0m  [1m[36mbegin transaction[0m
  [1m[36mActiveRecord::InternalMetadata Update (0.3ms)[0m  [1m[33mUPDATE "ar_internal_metadata" SET "value" = ?, "updated_at" = ? WHERE "ar_internal_metadata"."key" = ?[0m  [["value", "test"], ["updated_at", "2022-06-23 15:07:35.369642"], ["key", "environment"]]
  [1m[36mTRANSACTION (4.1ms)[0m  [1m[36mcommit transaction[0m
  [1m[36mActiveRecord::InternalMetadata Load (0.1ms)[0m  [1m[34mSELECT "ar_internal_metadata".* FROM "ar_internal_metadata" WHERE "ar_internal_metadata"."key" = ? LIMIT ?[0m  [["key", "schema_sha1"], ["LIMIT", 1]]
  [1m[36mTRANSACTION (0.0ms)[0m  [1m[36mbegin transaction[0m
  [1m[36mActiveRecord::InternalMetadata Create (0.2ms)[0m  [1m[32mINSERT INTO "ar_internal_metadata" ("key", "value", "created_at", "updated_at") VALUES (?, ?, ?, ?)[0m  [["key", "schema_sha1"], ["value", "f7be12af85501ec049fcf3b1b3b902fa30fd4461"], ["created_at", "2022-06-23 15:07:35.378901"], ["updated_at", "2022-06-23 15:07:35.378901"]]
  [1m[36mTRANSACTION (4.2ms)[0m  [1m[36mcommit transaction[0m
  [1m[35m (0.0ms)[0m  [1m[34mSELECT sqlite_version(*)[0m
  [1m[36mActiveRecord::SchemaMigration Pluck (0.1ms)[0m  [1m[34mSELECT "schema_migrations"."version" FROM "schema_migrations" ORDER BY "schema_migrations"."version" ASC[0m
  [1m[35m (0.3ms)[0m  [1m[34mSELECT sqlite_version(*)[0m
  [1m[36mActiveRecord::SchemaMigration Pluck (0.1ms)[0m  [1m[34mSELECT "schema_migrations"."version" FROM "schema_migrations" ORDER BY "schema_migrations"."version" ASC[0m
  [1m[36mActiveRecord::InternalMetadata Load (0.1ms)[0m  [1m[34mSELECT "ar_internal_metadata".* FROM "ar_internal_metadata" WHERE "ar_internal_metadata"."key" = ? LIMIT ?[0m  [["key", "environment"], ["LIMIT", 1]]
  [1m[35m (0.0ms)[0m  [1m[34mSELECT sqlite_version(*)[0m
  [1m[36mActiveRecord::SchemaMigration Pluck (0.1ms)[0m  [1m[34mSELECT "schema_migrations"."version" FROM "schema_migrations" ORDER BY "schema_migrations"."version" ASC[0m
  [1m[35m (5.4ms)[0m  [1m[34mSELECT sqlite_version(*)[0m
  [1m[36mTRANSACTION (0.2ms)[0m  [1m[36mbegin transaction[0m
  [1m[36mUser Create (1.0ms)[0m  [1m[32mINSERT INTO "users" ("first_name", "last_name", "email", "password", "phonenumber", "created_at", "updated_at") VALUES (?, ?, ?, ?, ?, ?, ?)[0m  [["first_name", "user"], ["last_name", "1"], ["email", "user1@gmail.com"], ["password", "[FILTERED]"], ["phonenumber", nil], ["created_at", "2022-06-23 15:07:57.995400"], ["updated_at", "2022-06-23 15:07:57.995400"]]
  [1m[36mTRANSACTION (6.6ms)[0m  [1m[36mcommit transaction[0m
  [1m[36mTRANSACTION (0.2ms)[0m  [1m[36mbegin transaction[0m
  [1m[36mProduct Create (0.7ms)[0m  [1m[32mINSERT INTO "products" ("name", "description", "price", "created_at", "updated_at") VALUES (?, ?, ?, ?, ?)[0m  [["name", "Dell monitor"], ["description", "Best computer in the industry"], ["price", 15000], ["created_at", "2022-06-23 15:08:06.216213"], ["updated_at", "2022-06-23 15:08:06.216213"]]
  [1m[36mTRANSACTION (5.7ms)[0m  [1m[36mcommit transaction[0m
  [1m[36mTRANSACTION (0.1ms)[0m  [1m[36mbegin transaction[0m
  [1m[36mProduct Create (0.4ms)[0m  [1m[32mINSERT INTO "products" ("name", "description", "price", "created_at", "updated_at") VALUES (?, ?, ?, ?, ?)[0m  [["name", "Apple phone"], ["description", "Best phone in the industry"], ["price", 50000], ["created_at", "2022-06-23 15:08:27.296043"], ["updated_at", "2022-06-23 15:08:27.296043"]]
  [1m[36mTRANSACTION (5.2ms)[0m  [1m[36mcommit transaction[0m
  [1m[36mTRANSACTION (0.2ms)[0m  [1m[36mbegin transaction[0m
  [1m[36mUser Create (0.6ms)[0m  [1m[32mINSERT INTO "users" ("first_name", "last_name", "email", "password", "phonenumber", "created_at", "updated_at") VALUES (?, ?, ?, ?, ?, ?, ?)[0m  [["first_name", "user2"], ["last_name", "2"], ["email", "user2@gmail.com"], ["password", "[FILTERED]"], ["phonenumber", nil], ["created_at", "2022-06-23 15:10:25.474509"], ["updated_at", "2022-06-23 15:10:25.474509"]]
  [1m[36mTRANSACTION (6.9ms)[0m  [1m[36mcommit transaction[0m
  [1m[36mUser Load (0.6ms)[0m  [1m[34mSELECT "users".* FROM "users" ORDER BY "users"."id" ASC LIMIT ?[0m  [["LIMIT", 1]]
  [1m[36mOrder Load (0.5ms)[0m  [1m[34mSELECT "orders".* FROM "orders" WHERE "orders"."user_id" = ?[0m  [["user_id", 1]]
  [1m[35m (0.9ms)[0m  [1m[34mSELECT sqlite_version(*)[0m
  [1m[36mUser Load (0.3ms)[0m  [1m[34mSELECT "users".* FROM "users" ORDER BY "users"."id" ASC LIMIT ?[0m  [["LIMIT", 1]]
  [1m[36mProduct Load (0.5ms)[0m  [1m[34mSELECT "products".* FROM "products"[0m
  [1m[35m (1.8ms)[0m  [1m[34mSELECT sqlite_version(*)[0m
  [1m[36mUser Load (0.4ms)[0m  [1m[34mSELECT "users".* FROM "users" ORDER BY "users"."id" ASC LIMIT ?[0m  [["LIMIT", 1]]
  [1m[36mTRANSACTION (0.1ms)[0m  [1m[36mbegin transaction[0m
  [1m[36mOrder Create (0.3ms)[0m  [1m[32mINSERT INTO "orders" ("total", "status", "created_at", "updated_at", "user_id") VALUES (?, ?, ?, ?, ?)[0m  [["total", nil], ["status", "pending"], ["created_at", "2022-06-23 15:43:30.696860"], ["updated_at", "2022-06-23 15:43:30.696860"], ["user_id", 1]]
  [1m[36mTRANSACTION (4.4ms)[0m  [1m[36mcommit transaction[0m
  [1m[36mOrder Load (0.3ms)[0m  [1m[34mSELECT "orders".* FROM "orders" WHERE "orders"."user_id" = ?[0m  [["user_id", 1]]
  [1m[36mOrder Load (0.4ms)[0m  [1m[34mSELECT "orders".* FROM "orders" ORDER BY "orders"."id" ASC LIMIT ?[0m  [["LIMIT", 1]]
  [1m[36mOrder Load (0.2ms)[0m  [1m[34mSELECT "orders".* FROM "orders" ORDER BY "orders"."id" ASC LIMIT ?[0m  [["LIMIT", 1]]
  [1m[35m (0.3ms)[0m  [1m[34mSELECT sqlite_version(*)[0m
  [1m[36mActiveRecord::SchemaMigration Pluck (0.1ms)[0m  [1m[34mSELECT "schema_migrations"."version" FROM "schema_migrations" ORDER BY "schema_migrations"."version" ASC[0m
  [1m[36mActiveRecord::SchemaMigration Pluck (0.1ms)[0m  [1m[34mSELECT "schema_migrations"."version" FROM "schema_migrations" ORDER BY "schema_migrations"."version" ASC[0m
  [1m[36mActiveRecord::SchemaMigration Pluck (0.1ms)[0m  [1m[34mSELECT "schema_migrations"."version" FROM "schema_migrations" ORDER BY "schema_migrations"."version" ASC[0m
  [1m[36mActiveRecord::SchemaMigration Pluck (0.1ms)[0m  [1m[34mSELECT "schema_migrations"."version" FROM "schema_migrations" ORDER BY "schema_migrations"."version" ASC[0m
Migrating to CreateProductShoppingCarts (20220623150046)
  [1m[36mTRANSACTION (0.0ms)[0m  [1m[36mbegin transaction[0m
  [1m[35m (0.2ms)[0m  [1m[35mDROP TABLE "product_shopping_carts"[0m
  [1m[36mActiveRecord::SchemaMigration Delete All (0.1ms)[0m  [1m[31mDELETE FROM "schema_migrations" WHERE "schema_migrations"."version" = ?[0m  [["version", "20220623150046"]]
  [1m[36mTRANSACTION (5.0ms)[0m  [1m[36mcommit transaction[0m
  [1m[35m (0.0ms)[0m  [1m[34mSELECT sqlite_version(*)[0m
  [1m[36mActiveRecord::SchemaMigration Pluck (0.1ms)[0m  [1m[34mSELECT "schema_migrations"."version" FROM "schema_migrations" ORDER BY "schema_migrations"."version" ASC[0m
  [1m[35m (0.4ms)[0m  [1m[34mSELECT sqlite_version(*)[0m
  [1m[36mActiveRecord::SchemaMigration Pluck (0.2ms)[0m  [1m[34mSELECT "schema_migrations"."version" FROM "schema_migrations" ORDER BY "schema_migrations"."version" ASC[0m
  [1m[36mActiveRecord::SchemaMigration Pluck (0.1ms)[0m  [1m[34mSELECT "schema_migrations"."version" FROM "schema_migrations" ORDER BY "schema_migrations"."version" ASC[0m
  [1m[36mActiveRecord::SchemaMigration Pluck (0.0ms)[0m  [1m[34mSELECT "schema_migrations"."version" FROM "schema_migrations" ORDER BY "schema_migrations"."version" ASC[0m
  [1m[36mActiveRecord::SchemaMigration Pluck (0.0ms)[0m  [1m[34mSELECT "schema_migrations"."version" FROM "schema_migrations" ORDER BY "schema_migrations"."version" ASC[0m
Migrating to CreateProductOrders (20220623150016)
  [1m[36mTRANSACTION (0.0ms)[0m  [1m[36mbegin transaction[0m
  [1m[35m (0.2ms)[0m  [1m[35mDROP TABLE "product_orders"[0m
  [1m[36mActiveRecord::SchemaMigration Delete All (0.1ms)[0m  [1m[31mDELETE FROM "schema_migrations" WHERE "schema_migrations"."version" = ?[0m  [["version", "20220623150016"]]
  [1m[36mTRANSACTION (5.8ms)[0m  [1m[36mcommit transaction[0m
  [1m[35m (0.0ms)[0m  [1m[34mSELECT sqlite_version(*)[0m
  [1m[36mActiveRecord::SchemaMigration Pluck (0.1ms)[0m  [1m[34mSELECT "schema_migrations"."version" FROM "schema_migrations" ORDER BY "schema_migrations"."version" ASC[0m
  [1m[35m (0.3ms)[0m  [1m[34mSELECT sqlite_version(*)[0m
  [1m[36mActiveRecord::SchemaMigration Pluck (0.1ms)[0m  [1m[34mSELECT "schema_migrations"."version" FROM "schema_migrations" ORDER BY "schema_migrations"."version" ASC[0m
  [1m[36mActiveRecord::SchemaMigration Pluck (0.0ms)[0m  [1m[34mSELECT "schema_migrations"."version" FROM "schema_migrations" ORDER BY "schema_migrations"."version" ASC[0m
  [1m[36mActiveRecord::SchemaMigration Pluck (0.0ms)[0m  [1m[34mSELECT "schema_migrations"."version" FROM "schema_migrations" ORDER BY "schema_migrations"."version" ASC[0m
  [1m[36mActiveRecord::SchemaMigration Pluck (0.0ms)[0m  [1m[34mSELECT "schema_migrations"."version" FROM "schema_migrations" ORDER BY "schema_migrations"."version" ASC[0m
Migrating to AdduseridtoOrder (20220623142558)
  [1m[36mTRANSACTION (0.0ms)[0m  [1m[36mbegin transaction[0m
  [1m[35m (0.0ms)[0m  [1m[35mPRAGMA foreign_keys[0m
  [1m[35m (0.0ms)[0m  [1m[35mPRAGMA defer_foreign_keys[0m
  [1m[35m (0.0ms)[0m  [1m[35mPRAGMA defer_foreign_keys = ON[0m
  [1m[35m (0.0ms)[0m  [1m[35mPRAGMA foreign_keys = OFF[0m
  [1m[35m (0.1ms)[0m  [1m[35mCREATE TEMPORARY TABLE "aorders" ("id" integer NOT NULL PRIMARY KEY, "total" integer DEFAULT NULL, "status" varchar DEFAULT NULL, "created_at" datetime(6) NOT NULL, "updated_at" datetime(6) NOT NULL, "user_id" integer DEFAULT NULL)[0m
  [1m[35m (0.1ms)[0m  [1m[32mINSERT INTO "aorders" ("id","total","status","created_at","updated_at","user_id")
                     SELECT "id","total","status","created_at","updated_at","user_id" FROM "orders"[0m
  [1m[35m (0.2ms)[0m  [1m[35mDROP TABLE "orders"[0m
  [1m[35m (0.1ms)[0m  [1m[35mCREATE TABLE "orders" ("id" integer NOT NULL PRIMARY KEY, "total" integer DEFAULT NULL, "status" varchar DEFAULT NULL, "created_at" datetime(6) NOT NULL, "updated_at" datetime(6) NOT NULL)[0m
  [1m[35m (0.0ms)[0m  [1m[32mINSERT INTO "orders" ("id","total","status","created_at","updated_at")
                     SELECT "id","total","status","created_at","updated_at" FROM "aorders"[0m
  [1m[35m (0.1ms)[0m  [1m[35mDROP TABLE "aorders"[0m
  [1m[35m (0.0ms)[0m  [1m[35mPRAGMA defer_foreign_keys = 0[0m
  [1m[35m (0.0ms)[0m  [1m[35mPRAGMA foreign_keys = 1[0m
  [1m[36mActiveRecord::SchemaMigration Delete All (0.2ms)[0m  [1m[31mDELETE FROM "schema_migrations" WHERE "schema_migrations"."version" = ?[0m  [["version", "20220623142558"]]
  [1m[36mTRANSACTION (6.9ms)[0m  [1m[36mcommit transaction[0m
  [1m[35m (0.0ms)[0m  [1m[34mSELECT sqlite_version(*)[0m
  [1m[36mActiveRecord::SchemaMigration Pluck (0.1ms)[0m  [1m[34mSELECT "schema_migrations"."version" FROM "schema_migrations" ORDER BY "schema_migrations"."version" ASC[0m
  [1m[35m (0.3ms)[0m  [1m[34mSELECT sqlite_version(*)[0m
  [1m[36mActiveRecord::SchemaMigration Pluck (0.2ms)[0m  [1m[34mSELECT "schema_migrations"."version" FROM "schema_migrations" ORDER BY "schema_migrations"."version" ASC[0m
  [1m[36mActiveRecord::SchemaMigration Pluck (0.1ms)[0m  [1m[34mSELECT "schema_migrations"."version" FROM "schema_migrations" ORDER BY "schema_migrations"."version" ASC[0m
  [1m[36mActiveRecord::SchemaMigration Pluck (0.0ms)[0m  [1m[34mSELECT "schema_migrations"."version" FROM "schema_migrations" ORDER BY "schema_migrations"."version" ASC[0m
  [1m[36mActiveRecord::SchemaMigration Pluck (0.0ms)[0m  [1m[34mSELECT "schema_migrations"."version" FROM "schema_migrations" ORDER BY "schema_migrations"."version" ASC[0m
Migrating to AdduseridtoShoppingCart (20220623142116)
  [1m[36mTRANSACTION (0.1ms)[0m  [1m[36mbegin transaction[0m
  [1m[35m (0.0ms)[0m  [1m[35mPRAGMA foreign_keys[0m
  [1m[35m (0.1ms)[0m  [1m[35mPRAGMA defer_foreign_keys[0m
  [1m[35m (0.1ms)[0m  [1m[35mPRAGMA defer_foreign_keys = ON[0m
  [1m[35m (0.1ms)[0m  [1m[35mPRAGMA foreign_keys = OFF[0m
  [1m[35m (0.1ms)[0m  [1m[35mCREATE TEMPORARY TABLE "ashopping_carts" ("id" integer NOT NULL PRIMARY KEY, "created_at" datetime(6) NOT NULL, "updated_at" datetime(6) NOT NULL, "user_id" integer DEFAULT NULL)[0m
  [1m[35m (0.1ms)[0m  [1m[32mINSERT INTO "ashopping_carts" ("id","created_at","updated_at","user_id")
                     SELECT "id","created_at","updated_at","user_id" FROM "shopping_carts"[0m
  [1m[35m (0.2ms)[0m  [1m[35mDROP TABLE "shopping_carts"[0m
  [1m[35m (0.1ms)[0m  [1m[35mCREATE TABLE "shopping_carts" ("id" integer NOT NULL PRIMARY KEY, "created_at" datetime(6) NOT NULL, "updated_at" datetime(6) NOT NULL)[0m
  [1m[35m (0.0ms)[0m  [1m[32mINSERT INTO "shopping_carts" ("id","created_at","updated_at")
                     SELECT "id","created_at","updated_at" FROM "ashopping_carts"[0m
  [1m[35m (0.1ms)[0m  [1m[35mDROP TABLE "ashopping_carts"[0m
  [1m[35m (0.0ms)[0m  [1m[35mPRAGMA defer_foreign_keys = 0[0m
  [1m[35m (0.0ms)[0m  [1m[35mPRAGMA foreign_keys = 1[0m
  [1m[36mActiveRecord::SchemaMigration Delete All (0.1ms)[0m  [1m[31mDELETE FROM "schema_migrations" WHERE "schema_migrations"."version" = ?[0m  [["version", "20220623142116"]]
  [1m[36mTRANSACTION (5.4ms)[0m  [1m[36mcommit transaction[0m
  [1m[35m (0.0ms)[0m  [1m[34mSELECT sqlite_version(*)[0m
  [1m[36mActiveRecord::SchemaMigration Pluck (0.1ms)[0m  [1m[34mSELECT "schema_migrations"."version" FROM "schema_migrations" ORDER BY "schema_migrations"."version" ASC[0m
  [1m[35m (0.3ms)[0m  [1m[34mSELECT sqlite_version(*)[0m
  [1m[36mActiveRecord::SchemaMigration Pluck (0.1ms)[0m  [1m[34mSELECT "schema_migrations"."version" FROM "schema_migrations" ORDER BY "schema_migrations"."version" ASC[0m
Migrating to AdduseridtoShoppingCart (20220623142116)
  [1m[36mTRANSACTION (0.0ms)[0m  [1m[36mbegin transaction[0m
  [1m[35m (0.3ms)[0m  [1m[35mALTER TABLE "shopping_carts" ADD "user_id" integer[0m
  [1m[35m (0.2ms)[0m  [1m[35mALTER TABLE "shopping_carts" ADD "product_id" integer[0m
  [1m[36mActiveRecord::SchemaMigration Create (0.1ms)[0m  [1m[32mINSERT INTO "schema_migrations" ("version") VALUES (?)[0m  [["version", "20220623142116"]]
  [1m[36mTRANSACTION (5.1ms)[0m  [1m[36mcommit transaction[0m
Migrating to AdduseridtoOrder (20220623142558)
  [1m[36mTRANSACTION (0.1ms)[0m  [1m[36mbegin transaction[0m
  [1m[35m (1.4ms)[0m  [1m[35mALTER TABLE "orders" ADD "user_id" integer[0m
  [1m[35m (0.6ms)[0m  [1m[35mALTER TABLE "orders" ADD "product_id" integer[0m
  [1m[36mActiveRecord::SchemaMigration Create (0.2ms)[0m  [1m[32mINSERT INTO "schema_migrations" ("version") VALUES (?)[0m  [["version", "20220623142558"]]
  [1m[36mTRANSACTION (5.2ms)[0m  [1m[36mcommit transaction[0m
Migrating to CreateProductOrders (20220623150016)
  [1m[36mTRANSACTION (0.1ms)[0m  [1m[36mbegin transaction[0m
  [1m[35m (0.5ms)[0m  [1m[35mCREATE TABLE "product_orders" ("id" integer PRIMARY KEY AUTOINCREMENT NOT NULL, "product_id" integer, "order_id" integer, "created_at" datetime(6) NOT NULL, "updated_at" datetime(6) NOT NULL)[0m
  [1m[36mActiveRecord::SchemaMigration Create (0.1ms)[0m  [1m[32mINSERT INTO "schema_migrations" ("version") VALUES (?)[0m  [["version", "20220623150016"]]
  [1m[36mTRANSACTION (4.2ms)[0m  [1m[36mcommit transaction[0m
Migrating to CreateProductShoppingCarts (20220623150046)
  [1m[36mTRANSACTION (0.0ms)[0m  [1m[36mbegin transaction[0m
  [1m[35m (0.2ms)[0m  [1m[35mCREATE TABLE "product_shopping_carts" ("id" integer PRIMARY KEY AUTOINCREMENT NOT NULL, "product_id" integer, "shopping_carts_id" integer, "created_at" datetime(6) NOT NULL, "updated_at" datetime(6) NOT NULL)[0m
  [1m[36mActiveRecord::SchemaMigration Create (0.1ms)[0m  [1m[32mINSERT INTO "schema_migrations" ("version") VALUES (?)[0m  [["version", "20220623150046"]]
  [1m[36mTRANSACTION (5.1ms)[0m  [1m[36mcommit transaction[0m
  [1m[36mActiveRecord::InternalMetadata Load (0.2ms)[0m  [1m[34mSELECT "ar_internal_metadata".* FROM "ar_internal_metadata" WHERE "ar_internal_metadata"."key" = ? LIMIT ?[0m  [["key", "environment"], ["LIMIT", 1]]
  [1m[35m (0.0ms)[0m  [1m[34mSELECT sqlite_version(*)[0m
  [1m[36mActiveRecord::SchemaMigration Pluck (0.1ms)[0m  [1m[34mSELECT "schema_migrations"."version" FROM "schema_migrations" ORDER BY "schema_migrations"."version" ASC[0m
  [1m[35m (1.5ms)[0m  [1m[34mSELECT sqlite_version(*)[0m
  [1m[36mUser Load (0.5ms)[0m  [1m[34mSELECT "users".* FROM "users"[0m
  [1m[36mProduct Load (0.1ms)[0m  [1m[34mSELECT "products".* FROM "products"[0m
  [1m[36mOrder Load (0.2ms)[0m  [1m[34mSELECT "orders".* FROM "orders"[0m
  [1m[36mOrder Load (0.2ms)[0m  [1m[34mSELECT "orders".* FROM "orders" ORDER BY "orders"."id" ASC LIMIT ?[0m  [["LIMIT", 1]]
  [1m[36mUser Load (0.3ms)[0m  [1m[34mSELECT "users".* FROM "users" ORDER BY "users"."id" ASC LIMIT ?[0m  [["LIMIT", 1]]
  [1m[36mOrder Load (0.2ms)[0m  [1m[34mSELECT "orders".* FROM "orders" WHERE "orders"."user_id" = ?[0m  [["user_id", 1]]
  [1m[35m (0.3ms)[0m  [1m[34mSELECT sqlite_version(*)[0m
  [1m[36mActiveRecord::SchemaMigration Pluck (0.2ms)[0m  [1m[34mSELECT "schema_migrations"."version" FROM "schema_migrations" ORDER BY "schema_migrations"."version" ASC[0m
  [1m[36mActiveRecord::InternalMetadata Load (0.1ms)[0m  [1m[34mSELECT "ar_internal_metadata".* FROM "ar_internal_metadata" WHERE "ar_internal_metadata"."key" = ? LIMIT ?[0m  [["key", "environment"], ["LIMIT", 1]]
  [1m[35m (0.0ms)[0m  [1m[34mSELECT sqlite_version(*)[0m
  [1m[36mActiveRecord::SchemaMigration Pluck (0.1ms)[0m  [1m[34mSELECT "schema_migrations"."version" FROM "schema_migrations" ORDER BY "schema_migrations"."version" ASC[0m
  [1m[35m (1.9ms)[0m  [1m[34mSELECT sqlite_version(*)[0m
  [1m[36mOrder Load (0.5ms)[0m  [1m[34mSELECT "orders".* FROM "orders" ORDER BY "orders"."id" ASC LIMIT ?[0m  [["LIMIT", 1]]
  [1m[35m (2.1ms)[0m  [1m[34mSELECT sqlite_version(*)[0m
  [1m[36mOrder Load (0.6ms)[0m  [1m[34mSELECT "orders".* FROM "orders" ORDER BY "orders"."id" ASC LIMIT ?[0m  [["LIMIT", 1]]
  [1m[35m (0.9ms)[0m  [1m[34mSELECT sqlite_version(*)[0m
  [1m[36mOrder Load (0.2ms)[0m  [1m[34mSELECT "orders".* FROM "orders" ORDER BY "orders"."id" ASC LIMIT ?[0m  [["LIMIT", 1]]
  [1m[35m (1.5ms)[0m  [1m[34mSELECT sqlite_version(*)[0m
  [1m[36mOrder Load (0.5ms)[0m  [1m[34mSELECT "orders".* FROM "orders" ORDER BY "orders"."id" ASC LIMIT ?[0m  [["LIMIT", 1]]
  [1m[35m (0.3ms)[0m  [1m[34mSELECT sqlite_version(*)[0m
  [1m[36mActiveRecord::SchemaMigration Pluck (0.1ms)[0m  [1m[34mSELECT "schema_migrations"."version" FROM "schema_migrations" ORDER BY "schema_migrations"."version" ASC[0m
  [1m[36mActiveRecord::InternalMetadata Load (0.1ms)[0m  [1m[34mSELECT "ar_internal_metadata".* FROM "ar_internal_metadata" WHERE "ar_internal_metadata"."key" = ? LIMIT ?[0m  [["key", "environment"], ["LIMIT", 1]]
  [1m[35m (0.0ms)[0m  [1m[34mSELECT sqlite_version(*)[0m
  [1m[36mActiveRecord::SchemaMigration Pluck (0.1ms)[0m  [1m[34mSELECT "schema_migrations"."version" FROM "schema_migrations" ORDER BY "schema_migrations"."version" ASC[0m
  [1m[35m (1.2ms)[0m  [1m[34mSELECT sqlite_version(*)[0m
  [1m[36mOrder Load (0.6ms)[0m  [1m[34mSELECT "orders".* FROM "orders" ORDER BY "orders"."id" ASC LIMIT ?[0m  [["LIMIT", 1]]
  [1m[35m (1.3ms)[0m  [1m[34mSELECT sqlite_version(*)[0m
  [1m[36mOrder Load (0.4ms)[0m  [1m[34mSELECT "orders".* FROM "orders" ORDER BY "orders"."id" ASC LIMIT ?[0m  [["LIMIT", 1]]
  [1m[36mProductOrder Load (0.2ms)[0m  [1m[34mSELECT "product_orders".* FROM "product_orders" WHERE "product_orders"."order_id" = ?[0m  [["order_id", 1]]
  [1m[36mTRANSACTION (0.1ms)[0m  [1m[36mbegin transaction[0m
  [1m[36mProduct Load (0.1ms)[0m  [1m[34mSELECT "products".* FROM "products" WHERE "products"."id" = ? LIMIT ?[0m  [["id", 1], ["LIMIT", 1]]
  [1m[36mProductOrder Create (0.2ms)[0m  [1m[32mINSERT INTO "product_orders" ("product_id", "order_id", "created_at", "updated_at") VALUES (?, ?, ?, ?)[0m  [["product_id", 1], ["order_id", 1], ["created_at", "2022-06-23 16:08:26.794315"], ["updated_at", "2022-06-23 16:08:26.794315"]]
  [1m[36mTRANSACTION (4.3ms)[0m  [1m[36mcommit transaction[0m
  [1m[36mProduct Load (0.4ms)[0m  [1m[34mSELECT "products".* FROM "products" ORDER BY "products"."id" ASC LIMIT ?[0m  [["LIMIT", 1]]
  [1m[36mProduct Load (0.3ms)[0m  [1m[34mSELECT "products".* FROM "products" ORDER BY "products"."id" ASC LIMIT ?[0m  [["LIMIT", 1]]
  [1m[36mProductOrder Load (0.4ms)[0m  [1m[34mSELECT "product_orders".* FROM "product_orders" WHERE "product_orders"."product_id" = ?[0m  [["product_id", 1]]
  [1m[36mProduct Load (0.2ms)[0m  [1m[34mSELECT "products".* FROM "products" ORDER BY "products"."id" ASC LIMIT ?[0m  [["LIMIT", 1]]
  [1m[35m (1.9ms)[0m  [1m[34mSELECT sqlite_version(*)[0m
  [1m[36mOrder Load (0.5ms)[0m  [1m[34mSELECT "orders".* FROM "orders" ORDER BY "orders"."id" ASC LIMIT ?[0m  [["LIMIT", 1]]
  [1m[36mProduct Load (0.2ms)[0m  [1m[34mSELECT "products".* FROM "products" INNER JOIN "product_orders" ON "products"."id" = "product_orders"."product_id" WHERE "product_orders"."order_id" = ?[0m  [["order_id", 1]]
  [1m[36mUser Load (0.4ms)[0m  [1m[34mSELECT "users".* FROM "users" ORDER BY "users"."id" ASC LIMIT ?[0m  [["LIMIT", 1]]
  [1m[36mOrder Load (0.3ms)[0m  [1m[34mSELECT "orders".* FROM "orders" WHERE "orders"."user_id" = ?[0m  [["user_id", 1]]
  [1m[36mUser Load (0.2ms)[0m  [1m[34mSELECT "users".* FROM "users" ORDER BY "users"."id" ASC LIMIT ?[0m  [["LIMIT", 1]]
  [1m[36mUser Load (0.2ms)[0m  [1m[34mSELECT "users".* FROM "users" ORDER BY "users"."id" ASC LIMIT ?[0m  [["LIMIT", 1]]
  [1m[36mUser Load (0.2ms)[0m  [1m[34mSELECT "users".* FROM "users" ORDER BY "users"."id" ASC LIMIT ?[0m  [["LIMIT", 1]]
  [1m[36mUser Load (0.3ms)[0m  [1m[34mSELECT "users".* FROM "users" ORDER BY "users"."id" ASC LIMIT ?[0m  [["LIMIT", 1]]
  [1m[36mUser Load (0.2ms)[0m  [1m[34mSELECT "users".* FROM "users" ORDER BY "users"."id" ASC LIMIT ?[0m  [["LIMIT", 1]]
  [1m[36mUser Load (0.3ms)[0m  [1m[34mSELECT "users".* FROM "users" ORDER BY "users"."id" ASC LIMIT ?[0m  [["LIMIT", 1]]
  [1m[36mOrder Load (0.3ms)[0m  [1m[34mSELECT "orders".* FROM "orders" WHERE "orders"."user_id" = ?[0m  [["user_id", 1]]
  [1m[36mTRANSACTION (0.2ms)[0m  [1m[36mbegin transaction[0m
  [1m[36mProduct Create (0.8ms)[0m  [1m[32mINSERT INTO "products" ("name", "description", "price", "created_at", "updated_at") VALUES (?, ?, ?, ?, ?)[0m  [["name", "phone"], ["description", "Best phone in the iy"], ["price", 50000], ["created_at", "2022-06-23 16:21:36.324165"], ["updated_at", "2022-06-23 16:21:36.324165"]]
  [1m[36mTRANSACTION (5.3ms)[0m  [1m[36mcommit transaction[0m
  [1m[35m (1.0ms)[0m  [1m[34mSELECT sqlite_version(*)[0m
  [1m[36mTRANSACTION (0.1ms)[0m  [1m[36mbegin transaction[0m
  [1m[36mUser Load (0.2ms)[0m  [1m[34mSELECT "users".* FROM "users" WHERE "users"."id" = ? LIMIT ?[0m  [["id", 1], ["LIMIT", 1]]
  [1m[36mOrder Create (0.2ms)[0m  [1m[32mINSERT INTO "orders" ("total", "status", "created_at", "updated_at", "user_id", "product_id") VALUES (?, ?, ?, ?, ?, ?)[0m  [["total", nil], ["status", nil], ["created_at", "2022-06-23 16:22:19.264876"], ["updated_at", "2022-06-23 16:22:19.264876"], ["user_id", 1], ["product_id", 1]]
  [1m[36mTRANSACTION (4.4ms)[0m  [1m[36mcommit transaction[0m
  [1m[36mTRANSACTION (0.1ms)[0m  [1m[36mbegin transaction[0m
  [1m[36mProduct Create (0.5ms)[0m  [1m[32mINSERT INTO "products" ("name", "description", "price", "created_at", "updated_at") VALUES (?, ?, ?, ?, ?)[0m  [["name", "camera"], ["description", "Best phone in the iy"], ["price", 50000], ["created_at", "2022-06-23 16:22:41.880692"], ["updated_at", "2022-06-23 16:22:41.880692"]]
  [1m[36mTRANSACTION (5.6ms)[0m  [1m[36mcommit transaction[0m
  [1m[36mUser Load (0.6ms)[0m  [1m[34mSELECT "users".* FROM "users" ORDER BY "users"."id" ASC LIMIT ?[0m  [["LIMIT", 1]]
  [1m[36mOrder Load (0.2ms)[0m  [1m[34mSELECT "orders".* FROM "orders" WHERE "orders"."user_id" = ?[0m  [["user_id", 1]]
  [1m[36mUser Load (0.2ms)[0m  [1m[34mSELECT "users".* FROM "users" ORDER BY "users"."id" ASC LIMIT ?[0m  [["LIMIT", 1]]
  [1m[36mOrder Load (0.4ms)[0m  [1m[34mSELECT "orders".* FROM "orders" WHERE "orders"."user_id" = ? /* loading for inspect */ LIMIT ?[0m  [["user_id", 1], ["LIMIT", 11]]
  [1m[36mOrder Load (0.1ms)[0m  [1m[34mSELECT "orders".* FROM "orders" WHERE "orders"."user_id" = ? /* loading for inspect */ LIMIT ?[0m  [["user_id", 1], ["LIMIT", 11]]
  [1m[36mUser Load (0.1ms)[0m  [1m[34mSELECT "users".* FROM "users" ORDER BY "users"."id" ASC LIMIT ?[0m  [["LIMIT", 1]]
  [1m[36mOrder Load (0.1ms)[0m  [1m[34mSELECT "orders".* FROM "orders" WHERE "orders"."user_id" = ? ORDER BY "orders"."id" ASC LIMIT ?[0m  [["user_id", 1], ["LIMIT", 1]]
  [1m[36mProduct Load (0.2ms)[0m  [1m[34mSELECT "products".* FROM "products" INNER JOIN "product_orders" ON "products"."id" = "product_orders"."product_id" WHERE "product_orders"."order_id" = ?[0m  [["order_id", 2]]
  [1m[36mUser Load (0.2ms)[0m  [1m[34mSELECT "users".* FROM "users" ORDER BY "users"."id" ASC LIMIT ?[0m  [["LIMIT", 1]]
  [1m[36mOrder Load (0.2ms)[0m  [1m[34mSELECT "orders".* FROM "orders" WHERE "orders"."user_id" = ? ORDER BY "orders"."id" ASC LIMIT ?[0m  [["user_id", 1], ["LIMIT", 1]]
  [1m[36mTRANSACTION (0.1ms)[0m  [1m[36mbegin transaction[0m
  [1m[36mProduct Create (0.5ms)[0m  [1m[32mINSERT INTO "products" ("name", "description", "price", "created_at", "updated_at") VALUES (?, ?, ?, ?, ?)[0m  [["name", "phone"], ["description", "Best phone in the iy"], ["price", 50000], ["created_at", "2022-06-23 16:23:57.655557"], ["updated_at", "2022-06-23 16:23:57.655557"]]
  [1m[36mProductOrder Create (0.4ms)[0m  [1m[32mINSERT INTO "product_orders" ("product_id", "order_id", "created_at", "updated_at") VALUES (?, ?, ?, ?)[0m  [["product_id", 5], ["order_id", 2], ["created_at", "2022-06-23 16:23:57.668458"], ["updated_at", "2022-06-23 16:23:57.668458"]]
  [1m[36mTRANSACTION (5.0ms)[0m  [1m[36mcommit transaction[0m
  [1m[36mUser Load (0.1ms)[0m  [1m[34mSELECT "users".* FROM "users" ORDER BY "users"."id" ASC LIMIT ?[0m  [["LIMIT", 1]]
  [1m[36mOrder Load (0.1ms)[0m  [1m[34mSELECT "orders".* FROM "orders" WHERE "orders"."user_id" = ? ORDER BY "orders"."id" ASC LIMIT ?[0m  [["user_id", 1], ["LIMIT", 1]]
  [1m[36mProduct Load (0.1ms)[0m  [1m[34mSELECT "products".* FROM "products" INNER JOIN "product_orders" ON "products"."id" = "product_orders"."product_id" WHERE "product_orders"."order_id" = ?[0m  [["order_id", 2]]
  [1m[36mUser Load (0.2ms)[0m  [1m[34mSELECT "users".* FROM "users" ORDER BY "users"."id" ASC LIMIT ?[0m  [["LIMIT", 1]]
  [1m[36mOrder Load (0.3ms)[0m  [1m[34mSELECT "orders".* FROM "orders" WHERE "orders"."user_id" = ? ORDER BY "orders"."id" ASC LIMIT ?[0m  [["user_id", 1], ["LIMIT", 1]]
  [1m[36mProduct Pluck (0.5ms)[0m  [1m[34mSELECT "products"."price" FROM "products" INNER JOIN "product_orders" ON "products"."id" = "product_orders"."product_id" WHERE "product_orders"."order_id" = ?[0m  [["order_id", 2]]
  [1m[36mUser Load (0.2ms)[0m  [1m[34mSELECT "users".* FROM "users" ORDER BY "users"."id" ASC LIMIT ?[0m  [["LIMIT", 1]]
  [1m[36mOrder Load (0.2ms)[0m  [1m[34mSELECT "orders".* FROM "orders" WHERE "orders"."user_id" = ? ORDER BY "orders"."id" ASC LIMIT ?[0m  [["user_id", 1], ["LIMIT", 1]]
  [1m[36mProduct Pluck (0.3ms)[0m  [1m[34mSELECT "products"."price" FROM "products" INNER JOIN "product_orders" ON "products"."id" = "product_orders"."product_id" WHERE "product_orders"."order_id" = ?[0m  [["order_id", 2]]
